==============================================================
File generated on Wed Dec 06 12:44:19 CET 2023
Vivado(TM) HLS - High-Level Synthesis from C, C++ and SystemC v2018.3.1 (64-bit)
SW Build 2489853 on Tue Mar 26 04:18:30 MDT 2019
IP Build 2486929 on Tue Mar 26 06:44:21 MDT 2019
Copyright 1986-2019 Xilinx, Inc. All Rights Reserved.
==============================================================
==============================================================
File generated on Wed Dec 06 12:48:15 CET 2023
Vivado(TM) HLS - High-Level Synthesis from C, C++ and SystemC v2018.3.1 (64-bit)
SW Build 2489853 on Tue Mar 26 04:18:30 MDT 2019
IP Build 2486929 on Tue Mar 26 06:44:21 MDT 2019
Copyright 1986-2019 Xilinx, Inc. All Rights Reserved.
==============================================================
==============================================================
File generated on Wed Dec 06 12:49:24 CET 2023
Vivado(TM) HLS - High-Level Synthesis from C, C++ and SystemC v2018.3.1 (64-bit)
SW Build 2489853 on Tue Mar 26 04:18:30 MDT 2019
IP Build 2486929 on Tue Mar 26 06:44:21 MDT 2019
Copyright 1986-2019 Xilinx, Inc. All Rights Reserved.
==============================================================
==============================================================
File generated on Wed Dec 06 12:53:20 CET 2023
Vivado(TM) HLS - High-Level Synthesis from C, C++ and SystemC v2018.3.1 (64-bit)
SW Build 2489853 on Tue Mar 26 04:18:30 MDT 2019
IP Build 2486929 on Tue Mar 26 06:44:21 MDT 2019
Copyright 1986-2019 Xilinx, Inc. All Rights Reserved.
==============================================================
==============================================================
File generated on Wed Dec 06 12:55:43 CET 2023
Vivado(TM) HLS - High-Level Synthesis from C, C++ and SystemC v2018.3.1 (64-bit)
SW Build 2489853 on Tue Mar 26 04:18:30 MDT 2019
IP Build 2486929 on Tue Mar 26 06:44:21 MDT 2019
Copyright 1986-2019 Xilinx, Inc. All Rights Reserved.
==============================================================
==============================================================
File generated on Wed Dec 06 12:57:44 CET 2023
Vivado(TM) HLS - High-Level Synthesis from C, C++ and SystemC v2018.3.1 (64-bit)
SW Build 2489853 on Tue Mar 26 04:18:30 MDT 2019
IP Build 2486929 on Tue Mar 26 06:44:21 MDT 2019
Copyright 1986-2019 Xilinx, Inc. All Rights Reserved.
==============================================================
==============================================================
File generated on Wed Dec 06 13:00:06 CET 2023
Vivado(TM) HLS - High-Level Synthesis from C, C++ and SystemC v2018.3.1 (64-bit)
SW Build 2489853 on Tue Mar 26 04:18:30 MDT 2019
IP Build 2486929 on Tue Mar 26 06:44:21 MDT 2019
Copyright 1986-2019 Xilinx, Inc. All Rights Reserved.
==============================================================
==============================================================
File generated on Wed Dec 06 13:02:59 CET 2023
Vivado(TM) HLS - High-Level Synthesis from C, C++ and SystemC v2018.3.1 (64-bit)
SW Build 2489853 on Tue Mar 26 04:18:30 MDT 2019
IP Build 2486929 on Tue Mar 26 06:44:21 MDT 2019
Copyright 1986-2019 Xilinx, Inc. All Rights Reserved.
==============================================================
==============================================================
File generated on Wed Dec 06 13:12:28 CET 2023
Vivado(TM) HLS - High-Level Synthesis from C, C++ and SystemC v2018.3.1 (64-bit)
SW Build 2489853 on Tue Mar 26 04:18:30 MDT 2019
IP Build 2486929 on Tue Mar 26 06:44:21 MDT 2019
Copyright 1986-2019 Xilinx, Inc. All Rights Reserved.
==============================================================
==============================================================
File generated on Wed Dec 06 13:32:27 CET 2023
Vivado(TM) HLS - High-Level Synthesis from C, C++ and SystemC v2018.3.1 (64-bit)
SW Build 2489853 on Tue Mar 26 04:18:30 MDT 2019
IP Build 2486929 on Tue Mar 26 06:44:21 MDT 2019
Copyright 1986-2019 Xilinx, Inc. All Rights Reserved.
==============================================================
==============================================================
File generated on Wed Dec 06 13:36:02 CET 2023
Vivado(TM) HLS - High-Level Synthesis from C, C++ and SystemC v2018.3.1 (64-bit)
SW Build 2489853 on Tue Mar 26 04:18:30 MDT 2019
IP Build 2486929 on Tue Mar 26 06:44:21 MDT 2019
Copyright 1986-2019 Xilinx, Inc. All Rights Reserved.
==============================================================
==============================================================
File generated on Wed Dec 06 13:54:34 CET 2023
Vivado(TM) HLS - High-Level Synthesis from C, C++ and SystemC v2018.3.1 (64-bit)
SW Build 2489853 on Tue Mar 26 04:18:30 MDT 2019
IP Build 2486929 on Tue Mar 26 06:44:21 MDT 2019
Copyright 1986-2019 Xilinx, Inc. All Rights Reserved.
==============================================================
==============================================================
File generated on Wed Dec 06 14:05:50 CET 2023
Vivado(TM) HLS - High-Level Synthesis from C, C++ and SystemC v2018.3.1 (64-bit)
SW Build 2489853 on Tue Mar 26 04:18:30 MDT 2019
IP Build 2486929 on Tue Mar 26 06:44:21 MDT 2019
Copyright 1986-2019 Xilinx, Inc. All Rights Reserved.
==============================================================
==============================================================
File generated on Wed Dec 06 14:09:25 CET 2023
Vivado(TM) HLS - High-Level Synthesis from C, C++ and SystemC v2018.3.1 (64-bit)
SW Build 2489853 on Tue Mar 26 04:18:30 MDT 2019
IP Build 2486929 on Tue Mar 26 06:44:21 MDT 2019
Copyright 1986-2019 Xilinx, Inc. All Rights Reserved.
==============================================================
==============================================================
File generated on Wed Dec 06 14:11:03 CET 2023
Vivado(TM) HLS - High-Level Synthesis from C, C++ and SystemC v2018.3.1 (64-bit)
SW Build 2489853 on Tue Mar 26 04:18:30 MDT 2019
IP Build 2486929 on Tue Mar 26 06:44:21 MDT 2019
Copyright 1986-2019 Xilinx, Inc. All Rights Reserved.
==============================================================
==============================================================
File generated on Wed Dec 06 14:11:57 CET 2023
Vivado(TM) HLS - High-Level Synthesis from C, C++ and SystemC v2018.3.1 (64-bit)
SW Build 2489853 on Tue Mar 26 04:18:30 MDT 2019
IP Build 2486929 on Tue Mar 26 06:44:21 MDT 2019
Copyright 1986-2019 Xilinx, Inc. All Rights Reserved.
==============================================================
==============================================================
File generated on Wed Dec 06 14:13:38 CET 2023
Vivado(TM) HLS - High-Level Synthesis from C, C++ and SystemC v2018.3.1 (64-bit)
SW Build 2489853 on Tue Mar 26 04:18:30 MDT 2019
IP Build 2486929 on Tue Mar 26 06:44:21 MDT 2019
Copyright 1986-2019 Xilinx, Inc. All Rights Reserved.
==============================================================
==============================================================
File generated on Wed Dec 06 14:14:33 CET 2023
Vivado(TM) HLS - High-Level Synthesis from C, C++ and SystemC v2018.3.1 (64-bit)
SW Build 2489853 on Tue Mar 26 04:18:30 MDT 2019
IP Build 2486929 on Tue Mar 26 06:44:21 MDT 2019
Copyright 1986-2019 Xilinx, Inc. All Rights Reserved.
==============================================================
==============================================================
File generated on Wed Dec 06 14:15:51 CET 2023
Vivado(TM) HLS - High-Level Synthesis from C, C++ and SystemC v2018.3.1 (64-bit)
SW Build 2489853 on Tue Mar 26 04:18:30 MDT 2019
IP Build 2486929 on Tue Mar 26 06:44:21 MDT 2019
Copyright 1986-2019 Xilinx, Inc. All Rights Reserved.
==============================================================
==============================================================
File generated on Wed Dec 06 14:16:32 CET 2023
Vivado(TM) HLS - High-Level Synthesis from C, C++ and SystemC v2018.3.1 (64-bit)
SW Build 2489853 on Tue Mar 26 04:18:30 MDT 2019
IP Build 2486929 on Tue Mar 26 06:44:21 MDT 2019
Copyright 1986-2019 Xilinx, Inc. All Rights Reserved.
==============================================================
==============================================================
File generated on Wed Dec 06 14:17:12 CET 2023
Vivado(TM) HLS - High-Level Synthesis from C, C++ and SystemC v2018.3.1 (64-bit)
SW Build 2489853 on Tue Mar 26 04:18:30 MDT 2019
IP Build 2486929 on Tue Mar 26 06:44:21 MDT 2019
Copyright 1986-2019 Xilinx, Inc. All Rights Reserved.
==============================================================
==============================================================
File generated on Wed Dec 06 14:17:48 CET 2023
Vivado(TM) HLS - High-Level Synthesis from C, C++ and SystemC v2018.3.1 (64-bit)
SW Build 2489853 on Tue Mar 26 04:18:30 MDT 2019
IP Build 2486929 on Tue Mar 26 06:44:21 MDT 2019
Copyright 1986-2019 Xilinx, Inc. All Rights Reserved.
==============================================================
==============================================================
File generated on Wed Dec 06 14:24:30 CET 2023
Vivado(TM) HLS - High-Level Synthesis from C, C++ and SystemC v2018.3.1 (64-bit)
SW Build 2489853 on Tue Mar 26 04:18:30 MDT 2019
IP Build 2486929 on Tue Mar 26 06:44:21 MDT 2019
Copyright 1986-2019 Xilinx, Inc. All Rights Reserved.
==============================================================
