
*** Running vivado
    with args -log design_1_Conv_1_0.vds -m64 -product Vivado -mode batch -messageDb vivado.pb -notrace -source design_1_Conv_1_0.tcl


****** Vivado v2018.3.1 (64-bit)
  **** SW Build 2489853 on Tue Mar 26 04:18:30 MDT 2019
  **** IP Build 2486929 on Tue Mar 26 06:44:21 MDT 2019
    ** Copyright 1986-2019 Xilinx, Inc. All Rights Reserved.

source design_1_Conv_1_0.tcl -notrace
create_project: Time (s): cpu = 00:00:01 ; elapsed = 00:00:22 . Memory (MB): peak = 1316.578 ; gain = 0.023 ; free physical = 2714 ; free virtual = 4930
INFO: [IP_Flow 19-234] Refreshing IP repositories
INFO: [IP_Flow 19-1700] Loaded user IP repository '/home/kida925e/Final_submission/Conv_no_opt_HLS'.
INFO: [IP_Flow 19-2313] Loaded Vivado IP repository '/nfs/ehsd24/Xilinx/Vivado/2018.3/data/ip'.
update_ip_catalog: Time (s): cpu = 00:00:03 ; elapsed = 00:00:31 . Memory (MB): peak = 1322.578 ; gain = 6.000 ; free physical = 2656 ; free virtual = 4873
Command: synth_design -top design_1_Conv_1_0 -part xczu3eg-sbva484-1-i -mode out_of_context
Starting synth_design
Attempting to get a license for feature 'Synthesis' and/or device 'xczu3eg'
INFO: [Common 17-349] Got license for feature 'Synthesis' and/or device 'xczu3eg'
INFO: Launching helper process for spawning children vivado processes
INFO: Helper process launched with PID 5069 
---------------------------------------------------------------------------------
Starting RTL Elaboration : Time (s): cpu = 00:00:04 ; elapsed = 00:00:12 . Memory (MB): peak = 1429.016 ; gain = 76.938 ; free physical = 2527 ; free virtual = 4752
---------------------------------------------------------------------------------
INFO: [Synth 8-6157] synthesizing module 'design_1_Conv_1_0' [/home/kida925e/Final_submission/Conv_no_opt_vivado/Conv_no_opt_vivado.srcs/sources_1/bd/design_1/ip/design_1_Conv_1_0/synth/design_1_Conv_1_0.v:58]
INFO: [Synth 8-6157] synthesizing module 'Conv' [/home/kida925e/Final_submission/Conv_no_opt_vivado/Conv_no_opt_vivado.srcs/sources_1/bd/design_1/ipshared/4942/hdl/verilog/Conv.v:12]
	Parameter ap_ST_fsm_state1 bound to: 29'b00000000000000000000000000001 
	Parameter ap_ST_fsm_state2 bound to: 29'b00000000000000000000000000010 
	Parameter ap_ST_fsm_state3 bound to: 29'b00000000000000000000000000100 
	Parameter ap_ST_fsm_state4 bound to: 29'b00000000000000000000000001000 
	Parameter ap_ST_fsm_state5 bound to: 29'b00000000000000000000000010000 
	Parameter ap_ST_fsm_state6 bound to: 29'b00000000000000000000000100000 
	Parameter ap_ST_fsm_state7 bound to: 29'b00000000000000000000001000000 
	Parameter ap_ST_fsm_state8 bound to: 29'b00000000000000000000010000000 
	Parameter ap_ST_fsm_state9 bound to: 29'b00000000000000000000100000000 
	Parameter ap_ST_fsm_state10 bound to: 29'b00000000000000000001000000000 
	Parameter ap_ST_fsm_state11 bound to: 29'b00000000000000000010000000000 
	Parameter ap_ST_fsm_state12 bound to: 29'b00000000000000000100000000000 
	Parameter ap_ST_fsm_state13 bound to: 29'b00000000000000001000000000000 
	Parameter ap_ST_fsm_state14 bound to: 29'b00000000000000010000000000000 
	Parameter ap_ST_fsm_state15 bound to: 29'b00000000000000100000000000000 
	Parameter ap_ST_fsm_state16 bound to: 29'b00000000000001000000000000000 
	Parameter ap_ST_fsm_state17 bound to: 29'b00000000000010000000000000000 
	Parameter ap_ST_fsm_state18 bound to: 29'b00000000000100000000000000000 
	Parameter ap_ST_fsm_state19 bound to: 29'b00000000001000000000000000000 
	Parameter ap_ST_fsm_state20 bound to: 29'b00000000010000000000000000000 
	Parameter ap_ST_fsm_state21 bound to: 29'b00000000100000000000000000000 
	Parameter ap_ST_fsm_state22 bound to: 29'b00000001000000000000000000000 
	Parameter ap_ST_fsm_state23 bound to: 29'b00000010000000000000000000000 
	Parameter ap_ST_fsm_state24 bound to: 29'b00000100000000000000000000000 
	Parameter ap_ST_fsm_state25 bound to: 29'b00001000000000000000000000000 
	Parameter ap_ST_fsm_state26 bound to: 29'b00010000000000000000000000000 
	Parameter ap_ST_fsm_state27 bound to: 29'b00100000000000000000000000000 
	Parameter ap_ST_fsm_state28 bound to: 29'b01000000000000000000000000000 
	Parameter ap_ST_fsm_state29 bound to: 29'b10000000000000000000000000000 
INFO: [Synth 8-5534] Detected attribute (* fsm_encoding = "none" *) [/home/kida925e/Final_submission/Conv_no_opt_vivado/Conv_no_opt_vivado.srcs/sources_1/bd/design_1/ipshared/4942/hdl/verilog/Conv.v:113]
INFO: [Synth 8-6157] synthesizing module 'Conv_input_mat' [/home/kida925e/Final_submission/Conv_no_opt_vivado/Conv_no_opt_vivado.srcs/sources_1/bd/design_1/ipshared/4942/hdl/verilog/Conv_input_mat.v:43]
	Parameter DataWidth bound to: 64 - type: integer 
	Parameter AddressRange bound to: 9 - type: integer 
	Parameter AddressWidth bound to: 4 - type: integer 
INFO: [Synth 8-6157] synthesizing module 'Conv_input_mat_ram' [/home/kida925e/Final_submission/Conv_no_opt_vivado/Conv_no_opt_vivado.srcs/sources_1/bd/design_1/ipshared/4942/hdl/verilog/Conv_input_mat.v:9]
	Parameter DWIDTH bound to: 64 - type: integer 
	Parameter AWIDTH bound to: 4 - type: integer 
	Parameter MEM_SIZE bound to: 9 - type: integer 
INFO: [Synth 8-5534] Detected attribute (* ram_style = "distributed" *) [/home/kida925e/Final_submission/Conv_no_opt_vivado/Conv_no_opt_vivado.srcs/sources_1/bd/design_1/ipshared/4942/hdl/verilog/Conv_input_mat.v:22]
INFO: [Synth 8-6155] done synthesizing module 'Conv_input_mat_ram' (1#1) [/home/kida925e/Final_submission/Conv_no_opt_vivado/Conv_no_opt_vivado.srcs/sources_1/bd/design_1/ipshared/4942/hdl/verilog/Conv_input_mat.v:9]
INFO: [Synth 8-6155] done synthesizing module 'Conv_input_mat' (2#1) [/home/kida925e/Final_submission/Conv_no_opt_vivado/Conv_no_opt_vivado.srcs/sources_1/bd/design_1/ipshared/4942/hdl/verilog/Conv_input_mat.v:43]
INFO: [Synth 8-6157] synthesizing module 'Conv_padded_image' [/home/kida925e/Final_submission/Conv_no_opt_vivado/Conv_no_opt_vivado.srcs/sources_1/bd/design_1/ipshared/4942/hdl/verilog/Conv_padded_image.v:43]
	Parameter DataWidth bound to: 64 - type: integer 
	Parameter AddressRange bound to: 25 - type: integer 
	Parameter AddressWidth bound to: 5 - type: integer 
INFO: [Synth 8-6157] synthesizing module 'Conv_padded_image_ram' [/home/kida925e/Final_submission/Conv_no_opt_vivado/Conv_no_opt_vivado.srcs/sources_1/bd/design_1/ipshared/4942/hdl/verilog/Conv_padded_image.v:9]
	Parameter DWIDTH bound to: 64 - type: integer 
	Parameter AWIDTH bound to: 5 - type: integer 
	Parameter MEM_SIZE bound to: 25 - type: integer 
INFO: [Synth 8-5534] Detected attribute (* ram_style = "block" *) [/home/kida925e/Final_submission/Conv_no_opt_vivado/Conv_no_opt_vivado.srcs/sources_1/bd/design_1/ipshared/4942/hdl/verilog/Conv_padded_image.v:22]
INFO: [Synth 8-6155] done synthesizing module 'Conv_padded_image_ram' (3#1) [/home/kida925e/Final_submission/Conv_no_opt_vivado/Conv_no_opt_vivado.srcs/sources_1/bd/design_1/ipshared/4942/hdl/verilog/Conv_padded_image.v:9]
INFO: [Synth 8-6155] done synthesizing module 'Conv_padded_image' (4#1) [/home/kida925e/Final_submission/Conv_no_opt_vivado/Conv_no_opt_vivado.srcs/sources_1/bd/design_1/ipshared/4942/hdl/verilog/Conv_padded_image.v:43]
INFO: [Synth 8-6157] synthesizing module 'Conv_dadd_64ns_64ns_64_5_full_dsp_1' [/home/kida925e/Final_submission/Conv_no_opt_vivado/Conv_no_opt_vivado.srcs/sources_1/bd/design_1/ipshared/4942/hdl/verilog/Conv_dadd_64ns_64ns_64_5_full_dsp_1.v:11]
	Parameter ID bound to: 1 - type: integer 
	Parameter NUM_STAGE bound to: 5 - type: integer 
	Parameter din0_WIDTH bound to: 64 - type: integer 
	Parameter din1_WIDTH bound to: 64 - type: integer 
	Parameter dout_WIDTH bound to: 64 - type: integer 
INFO: [Synth 8-638] synthesizing module 'Conv_ap_dadd_3_full_dsp_64' [/home/kida925e/Final_submission/Conv_no_opt_vivado/Conv_no_opt_vivado.srcs/sources_1/bd/design_1/ipshared/4942/hdl/ip/Conv_ap_dadd_3_full_dsp_64.vhd:72]
	Parameter C_XDEVICEFAMILY bound to: virtex7 - type: string 
	Parameter C_HAS_ADD bound to: 1 - type: integer 
	Parameter C_HAS_SUBTRACT bound to: 0 - type: integer 
	Parameter C_HAS_MULTIPLY bound to: 0 - type: integer 
	Parameter C_HAS_DIVIDE bound to: 0 - type: integer 
	Parameter C_HAS_SQRT bound to: 0 - type: integer 
	Parameter C_HAS_COMPARE bound to: 0 - type: integer 
	Parameter C_HAS_FIX_TO_FLT bound to: 0 - type: integer 
	Parameter C_HAS_FLT_TO_FIX bound to: 0 - type: integer 
	Parameter C_HAS_FLT_TO_FLT bound to: 0 - type: integer 
	Parameter C_HAS_RECIP bound to: 0 - type: integer 
	Parameter C_HAS_RECIP_SQRT bound to: 0 - type: integer 
	Parameter C_HAS_ABSOLUTE bound to: 0 - type: integer 
	Parameter C_HAS_LOGARITHM bound to: 0 - type: integer 
	Parameter C_HAS_EXPONENTIAL bound to: 0 - type: integer 
	Parameter C_HAS_FMA bound to: 0 - type: integer 
	Parameter C_HAS_FMS bound to: 0 - type: integer 
	Parameter C_HAS_ACCUMULATOR_A bound to: 0 - type: integer 
	Parameter C_HAS_ACCUMULATOR_S bound to: 0 - type: integer 
	Parameter C_A_WIDTH bound to: 64 - type: integer 
	Parameter C_A_FRACTION_WIDTH bound to: 53 - type: integer 
	Parameter C_B_WIDTH bound to: 64 - type: integer 
	Parameter C_B_FRACTION_WIDTH bound to: 53 - type: integer 
	Parameter C_C_WIDTH bound to: 64 - type: integer 
	Parameter C_C_FRACTION_WIDTH bound to: 53 - type: integer 
	Parameter C_RESULT_WIDTH bound to: 64 - type: integer 
	Parameter C_RESULT_FRACTION_WIDTH bound to: 53 - type: integer 
	Parameter C_COMPARE_OPERATION bound to: 8 - type: integer 
	Parameter C_LATENCY bound to: 3 - type: integer 
	Parameter C_OPTIMIZATION bound to: 1 - type: integer 
	Parameter C_MULT_USAGE bound to: 2 - type: integer 
	Parameter C_BRAM_USAGE bound to: 0 - type: integer 
	Parameter C_RATE bound to: 1 - type: integer 
	Parameter C_ACCUM_INPUT_MSB bound to: 32 - type: integer 
	Parameter C_ACCUM_MSB bound to: 32 - type: integer 
	Parameter C_ACCUM_LSB bound to: -31 - type: integer 
	Parameter C_HAS_UNDERFLOW bound to: 0 - type: integer 
	Parameter C_HAS_OVERFLOW bound to: 0 - type: integer 
	Parameter C_HAS_INVALID_OP bound to: 0 - type: integer 
	Parameter C_HAS_DIVIDE_BY_ZERO bound to: 0 - type: integer 
	Parameter C_HAS_ACCUM_OVERFLOW bound to: 0 - type: integer 
	Parameter C_HAS_ACCUM_INPUT_OVERFLOW bound to: 0 - type: integer 
	Parameter C_HAS_ACLKEN bound to: 1 - type: integer 
	Parameter C_HAS_ARESETN bound to: 0 - type: integer 
	Parameter C_THROTTLE_SCHEME bound to: 3 - type: integer 
	Parameter C_HAS_A_TUSER bound to: 0 - type: integer 
	Parameter C_HAS_A_TLAST bound to: 0 - type: integer 
	Parameter C_HAS_B bound to: 1 - type: integer 
	Parameter C_HAS_B_TUSER bound to: 0 - type: integer 
	Parameter C_HAS_B_TLAST bound to: 0 - type: integer 
	Parameter C_HAS_C bound to: 0 - type: integer 
	Parameter C_HAS_C_TUSER bound to: 0 - type: integer 
	Parameter C_HAS_C_TLAST bound to: 0 - type: integer 
	Parameter C_HAS_OPERATION bound to: 0 - type: integer 
	Parameter C_HAS_OPERATION_TUSER bound to: 0 - type: integer 
	Parameter C_HAS_OPERATION_TLAST bound to: 0 - type: integer 
	Parameter C_HAS_RESULT_TUSER bound to: 0 - type: integer 
	Parameter C_HAS_RESULT_TLAST bound to: 0 - type: integer 
	Parameter C_TLAST_RESOLUTION bound to: 0 - type: integer 
	Parameter C_A_TDATA_WIDTH bound to: 64 - type: integer 
	Parameter C_A_TUSER_WIDTH bound to: 1 - type: integer 
	Parameter C_B_TDATA_WIDTH bound to: 64 - type: integer 
	Parameter C_B_TUSER_WIDTH bound to: 1 - type: integer 
	Parameter C_C_TDATA_WIDTH bound to: 64 - type: integer 
	Parameter C_C_TUSER_WIDTH bound to: 1 - type: integer 
	Parameter C_OPERATION_TDATA_WIDTH bound to: 8 - type: integer 
	Parameter C_OPERATION_TUSER_WIDTH bound to: 1 - type: integer 
	Parameter C_RESULT_TDATA_WIDTH bound to: 64 - type: integer 
	Parameter C_RESULT_TUSER_WIDTH bound to: 1 - type: integer 
	Parameter C_FIXED_DATA_UNSIGNED bound to: 0 - type: integer 
INFO: [Synth 8-3491] module 'floating_point_v7_1_7' declared at '/home/kida925e/Final_submission/Conv_no_opt_vivado/Conv_no_opt_vivado.srcs/sources_1/bd/design_1/ipshared/c63e/hdl/floating_point_v7_1_vh_rfs.vhd:91615' bound to instance 'U0' of component 'floating_point_v7_1_7' [/home/kida925e/Final_submission/Conv_no_opt_vivado/Conv_no_opt_vivado.srcs/sources_1/bd/design_1/ipshared/4942/hdl/ip/Conv_ap_dadd_3_full_dsp_64.vhd:203]
INFO: [Synth 8-256] done synthesizing module 'Conv_ap_dadd_3_full_dsp_64' (31#1) [/home/kida925e/Final_submission/Conv_no_opt_vivado/Conv_no_opt_vivado.srcs/sources_1/bd/design_1/ipshared/4942/hdl/ip/Conv_ap_dadd_3_full_dsp_64.vhd:72]
INFO: [Synth 8-6155] done synthesizing module 'Conv_dadd_64ns_64ns_64_5_full_dsp_1' (32#1) [/home/kida925e/Final_submission/Conv_no_opt_vivado/Conv_no_opt_vivado.srcs/sources_1/bd/design_1/ipshared/4942/hdl/verilog/Conv_dadd_64ns_64ns_64_5_full_dsp_1.v:11]
INFO: [Synth 8-6157] synthesizing module 'Conv_dmul_64ns_64ns_64_5_max_dsp_1' [/home/kida925e/Final_submission/Conv_no_opt_vivado/Conv_no_opt_vivado.srcs/sources_1/bd/design_1/ipshared/4942/hdl/verilog/Conv_dmul_64ns_64ns_64_5_max_dsp_1.v:11]
	Parameter ID bound to: 1 - type: integer 
	Parameter NUM_STAGE bound to: 5 - type: integer 
	Parameter din0_WIDTH bound to: 64 - type: integer 
	Parameter din1_WIDTH bound to: 64 - type: integer 
	Parameter dout_WIDTH bound to: 64 - type: integer 
INFO: [Synth 8-638] synthesizing module 'Conv_ap_dmul_3_max_dsp_64' [/home/kida925e/Final_submission/Conv_no_opt_vivado/Conv_no_opt_vivado.srcs/sources_1/bd/design_1/ipshared/4942/hdl/ip/Conv_ap_dmul_3_max_dsp_64.vhd:72]
	Parameter C_XDEVICEFAMILY bound to: virtex7 - type: string 
	Parameter C_HAS_ADD bound to: 0 - type: integer 
	Parameter C_HAS_SUBTRACT bound to: 0 - type: integer 
	Parameter C_HAS_MULTIPLY bound to: 1 - type: integer 
	Parameter C_HAS_DIVIDE bound to: 0 - type: integer 
	Parameter C_HAS_SQRT bound to: 0 - type: integer 
	Parameter C_HAS_COMPARE bound to: 0 - type: integer 
	Parameter C_HAS_FIX_TO_FLT bound to: 0 - type: integer 
	Parameter C_HAS_FLT_TO_FIX bound to: 0 - type: integer 
	Parameter C_HAS_FLT_TO_FLT bound to: 0 - type: integer 
	Parameter C_HAS_RECIP bound to: 0 - type: integer 
	Parameter C_HAS_RECIP_SQRT bound to: 0 - type: integer 
	Parameter C_HAS_ABSOLUTE bound to: 0 - type: integer 
	Parameter C_HAS_LOGARITHM bound to: 0 - type: integer 
	Parameter C_HAS_EXPONENTIAL bound to: 0 - type: integer 
	Parameter C_HAS_FMA bound to: 0 - type: integer 
	Parameter C_HAS_FMS bound to: 0 - type: integer 
	Parameter C_HAS_ACCUMULATOR_A bound to: 0 - type: integer 
	Parameter C_HAS_ACCUMULATOR_S bound to: 0 - type: integer 
	Parameter C_A_WIDTH bound to: 64 - type: integer 
	Parameter C_A_FRACTION_WIDTH bound to: 53 - type: integer 
	Parameter C_B_WIDTH bound to: 64 - type: integer 
	Parameter C_B_FRACTION_WIDTH bound to: 53 - type: integer 
	Parameter C_C_WIDTH bound to: 64 - type: integer 
	Parameter C_C_FRACTION_WIDTH bound to: 53 - type: integer 
	Parameter C_RESULT_WIDTH bound to: 64 - type: integer 
	Parameter C_RESULT_FRACTION_WIDTH bound to: 53 - type: integer 
	Parameter C_COMPARE_OPERATION bound to: 8 - type: integer 
	Parameter C_LATENCY bound to: 3 - type: integer 
	Parameter C_OPTIMIZATION bound to: 1 - type: integer 
	Parameter C_MULT_USAGE bound to: 3 - type: integer 
	Parameter C_BRAM_USAGE bound to: 0 - type: integer 
	Parameter C_RATE bound to: 1 - type: integer 
	Parameter C_ACCUM_INPUT_MSB bound to: 32 - type: integer 
	Parameter C_ACCUM_MSB bound to: 32 - type: integer 
	Parameter C_ACCUM_LSB bound to: -31 - type: integer 
	Parameter C_HAS_UNDERFLOW bound to: 0 - type: integer 
	Parameter C_HAS_OVERFLOW bound to: 0 - type: integer 
	Parameter C_HAS_INVALID_OP bound to: 0 - type: integer 
	Parameter C_HAS_DIVIDE_BY_ZERO bound to: 0 - type: integer 
	Parameter C_HAS_ACCUM_OVERFLOW bound to: 0 - type: integer 
	Parameter C_HAS_ACCUM_INPUT_OVERFLOW bound to: 0 - type: integer 
	Parameter C_HAS_ACLKEN bound to: 1 - type: integer 
	Parameter C_HAS_ARESETN bound to: 0 - type: integer 
	Parameter C_THROTTLE_SCHEME bound to: 3 - type: integer 
	Parameter C_HAS_A_TUSER bound to: 0 - type: integer 
	Parameter C_HAS_A_TLAST bound to: 0 - type: integer 
	Parameter C_HAS_B bound to: 1 - type: integer 
	Parameter C_HAS_B_TUSER bound to: 0 - type: integer 
	Parameter C_HAS_B_TLAST bound to: 0 - type: integer 
	Parameter C_HAS_C bound to: 0 - type: integer 
	Parameter C_HAS_C_TUSER bound to: 0 - type: integer 
	Parameter C_HAS_C_TLAST bound to: 0 - type: integer 
	Parameter C_HAS_OPERATION bound to: 0 - type: integer 
	Parameter C_HAS_OPERATION_TUSER bound to: 0 - type: integer 
	Parameter C_HAS_OPERATION_TLAST bound to: 0 - type: integer 
	Parameter C_HAS_RESULT_TUSER bound to: 0 - type: integer 
	Parameter C_HAS_RESULT_TLAST bound to: 0 - type: integer 
	Parameter C_TLAST_RESOLUTION bound to: 0 - type: integer 
	Parameter C_A_TDATA_WIDTH bound to: 64 - type: integer 
	Parameter C_A_TUSER_WIDTH bound to: 1 - type: integer 
	Parameter C_B_TDATA_WIDTH bound to: 64 - type: integer 
	Parameter C_B_TUSER_WIDTH bound to: 1 - type: integer 
	Parameter C_C_TDATA_WIDTH bound to: 64 - type: integer 
	Parameter C_C_TUSER_WIDTH bound to: 1 - type: integer 
	Parameter C_OPERATION_TDATA_WIDTH bound to: 8 - type: integer 
	Parameter C_OPERATION_TUSER_WIDTH bound to: 1 - type: integer 
	Parameter C_RESULT_TDATA_WIDTH bound to: 64 - type: integer 
	Parameter C_RESULT_TUSER_WIDTH bound to: 1 - type: integer 
	Parameter C_FIXED_DATA_UNSIGNED bound to: 0 - type: integer 
INFO: [Synth 8-3491] module 'floating_point_v7_1_7' declared at '/home/kida925e/Final_submission/Conv_no_opt_vivado/Conv_no_opt_vivado.srcs/sources_1/bd/design_1/ipshared/c63e/hdl/floating_point_v7_1_vh_rfs.vhd:91615' bound to instance 'U0' of component 'floating_point_v7_1_7' [/home/kida925e/Final_submission/Conv_no_opt_vivado/Conv_no_opt_vivado.srcs/sources_1/bd/design_1/ipshared/4942/hdl/ip/Conv_ap_dmul_3_max_dsp_64.vhd:203]
INFO: [Synth 8-256] done synthesizing module 'Conv_ap_dmul_3_max_dsp_64' (39#1) [/home/kida925e/Final_submission/Conv_no_opt_vivado/Conv_no_opt_vivado.srcs/sources_1/bd/design_1/ipshared/4942/hdl/ip/Conv_ap_dmul_3_max_dsp_64.vhd:72]
INFO: [Synth 8-6155] done synthesizing module 'Conv_dmul_64ns_64ns_64_5_max_dsp_1' (40#1) [/home/kida925e/Final_submission/Conv_no_opt_vivado/Conv_no_opt_vivado.srcs/sources_1/bd/design_1/ipshared/4942/hdl/verilog/Conv_dmul_64ns_64ns_64_5_max_dsp_1.v:11]
INFO: [Synth 8-6155] done synthesizing module 'Conv' (41#1) [/home/kida925e/Final_submission/Conv_no_opt_vivado/Conv_no_opt_vivado.srcs/sources_1/bd/design_1/ipshared/4942/hdl/verilog/Conv.v:12]
INFO: [Synth 8-6155] done synthesizing module 'design_1_Conv_1_0' (42#1) [/home/kida925e/Final_submission/Conv_no_opt_vivado/Conv_no_opt_vivado.srcs/sources_1/bd/design_1/ip/design_1_Conv_1_0/synth/design_1_Conv_1_0.v:58]
WARNING: [Synth 8-3331] design flt_dec_op_lat has unconnected port DEC_OP_STATE[11]
WARNING: [Synth 8-3331] design flt_dec_op_lat has unconnected port DEC_OP_STATE[10]
WARNING: [Synth 8-3331] design flt_dec_op_lat has unconnected port DEC_OP_STATE[9]
WARNING: [Synth 8-3331] design flt_dec_op_lat has unconnected port DEC_OP_STATE[8]
WARNING: [Synth 8-3331] design flt_dec_op_lat has unconnected port DIVIDE_BY_ZERO_IN
WARNING: [Synth 8-3331] design xbip_pipe_v3_0_5_viv__parameterized65 has unconnected port CLK
WARNING: [Synth 8-3331] design xbip_pipe_v3_0_5_viv__parameterized65 has unconnected port CE
WARNING: [Synth 8-3331] design xbip_pipe_v3_0_5_viv__parameterized65 has unconnected port SCLR
WARNING: [Synth 8-3331] design xbip_pipe_v3_0_5_viv__parameterized65 has unconnected port SSET
WARNING: [Synth 8-3331] design xbip_pipe_v3_0_5_viv__parameterized65 has unconnected port SINIT
WARNING: [Synth 8-3331] design carry_chain__parameterized4 has unconnected port B[18]
WARNING: [Synth 8-3331] design xbip_pipe_v3_0_5_viv__parameterized41 has unconnected port CLK
WARNING: [Synth 8-3331] design xbip_pipe_v3_0_5_viv__parameterized41 has unconnected port CE
WARNING: [Synth 8-3331] design xbip_pipe_v3_0_5_viv__parameterized41 has unconnected port SCLR
WARNING: [Synth 8-3331] design xbip_pipe_v3_0_5_viv__parameterized41 has unconnected port SSET
WARNING: [Synth 8-3331] design xbip_pipe_v3_0_5_viv__parameterized41 has unconnected port SINIT
WARNING: [Synth 8-3331] design xbip_pipe_v3_0_5_viv__parameterized35 has unconnected port CLK
WARNING: [Synth 8-3331] design xbip_pipe_v3_0_5_viv__parameterized35 has unconnected port CE
WARNING: [Synth 8-3331] design xbip_pipe_v3_0_5_viv__parameterized35 has unconnected port SCLR
WARNING: [Synth 8-3331] design xbip_pipe_v3_0_5_viv__parameterized35 has unconnected port SSET
WARNING: [Synth 8-3331] design xbip_pipe_v3_0_5_viv__parameterized35 has unconnected port SINIT
WARNING: [Synth 8-3331] design xbip_pipe_v3_0_5_viv__parameterized33 has unconnected port CLK
WARNING: [Synth 8-3331] design xbip_pipe_v3_0_5_viv__parameterized33 has unconnected port CE
WARNING: [Synth 8-3331] design xbip_pipe_v3_0_5_viv__parameterized33 has unconnected port SCLR
WARNING: [Synth 8-3331] design xbip_pipe_v3_0_5_viv__parameterized33 has unconnected port SSET
WARNING: [Synth 8-3331] design xbip_pipe_v3_0_5_viv__parameterized33 has unconnected port SINIT
WARNING: [Synth 8-3331] design xbip_pipe_v3_0_5_viv__parameterized15 has unconnected port CLK
WARNING: [Synth 8-3331] design xbip_pipe_v3_0_5_viv__parameterized15 has unconnected port CE
WARNING: [Synth 8-3331] design xbip_pipe_v3_0_5_viv__parameterized15 has unconnected port SCLR
WARNING: [Synth 8-3331] design xbip_pipe_v3_0_5_viv__parameterized15 has unconnected port SSET
WARNING: [Synth 8-3331] design xbip_pipe_v3_0_5_viv__parameterized15 has unconnected port SINIT
WARNING: [Synth 8-3331] design xbip_pipe_v3_0_5_viv__parameterized37 has unconnected port CLK
WARNING: [Synth 8-3331] design xbip_pipe_v3_0_5_viv__parameterized37 has unconnected port CE
WARNING: [Synth 8-3331] design xbip_pipe_v3_0_5_viv__parameterized37 has unconnected port SCLR
WARNING: [Synth 8-3331] design xbip_pipe_v3_0_5_viv__parameterized37 has unconnected port SSET
WARNING: [Synth 8-3331] design xbip_pipe_v3_0_5_viv__parameterized37 has unconnected port SINIT
WARNING: [Synth 8-3331] design xbip_pipe_v3_0_5_viv__parameterized5 has unconnected port CLK
WARNING: [Synth 8-3331] design xbip_pipe_v3_0_5_viv__parameterized5 has unconnected port CE
WARNING: [Synth 8-3331] design xbip_pipe_v3_0_5_viv__parameterized5 has unconnected port SCLR
WARNING: [Synth 8-3331] design xbip_pipe_v3_0_5_viv__parameterized5 has unconnected port SSET
WARNING: [Synth 8-3331] design xbip_pipe_v3_0_5_viv__parameterized5 has unconnected port SINIT
WARNING: [Synth 8-3331] design xbip_pipe_v3_0_5_viv__parameterized29 has unconnected port CLK
WARNING: [Synth 8-3331] design xbip_pipe_v3_0_5_viv__parameterized29 has unconnected port CE
WARNING: [Synth 8-3331] design xbip_pipe_v3_0_5_viv__parameterized29 has unconnected port SCLR
WARNING: [Synth 8-3331] design xbip_pipe_v3_0_5_viv__parameterized29 has unconnected port SSET
WARNING: [Synth 8-3331] design xbip_pipe_v3_0_5_viv__parameterized29 has unconnected port SINIT
WARNING: [Synth 8-3331] design xbip_pipe_v3_0_5_viv__parameterized27 has unconnected port CLK
WARNING: [Synth 8-3331] design xbip_pipe_v3_0_5_viv__parameterized27 has unconnected port CE
WARNING: [Synth 8-3331] design xbip_pipe_v3_0_5_viv__parameterized27 has unconnected port SCLR
WARNING: [Synth 8-3331] design xbip_pipe_v3_0_5_viv__parameterized27 has unconnected port SSET
WARNING: [Synth 8-3331] design xbip_pipe_v3_0_5_viv__parameterized27 has unconnected port SINIT
WARNING: [Synth 8-3331] design dsp48e1_wrapper__parameterized1 has unconnected port SCLR
WARNING: [Synth 8-3331] design xbip_pipe_v3_0_5_viv__parameterized67 has unconnected port CLK
WARNING: [Synth 8-3331] design xbip_pipe_v3_0_5_viv__parameterized67 has unconnected port CE
WARNING: [Synth 8-3331] design xbip_pipe_v3_0_5_viv__parameterized67 has unconnected port SCLR
WARNING: [Synth 8-3331] design xbip_pipe_v3_0_5_viv__parameterized67 has unconnected port SSET
WARNING: [Synth 8-3331] design xbip_pipe_v3_0_5_viv__parameterized67 has unconnected port SINIT
WARNING: [Synth 8-3331] design xbip_pipe_v3_0_5_viv__parameterized63 has unconnected port CLK
WARNING: [Synth 8-3331] design xbip_pipe_v3_0_5_viv__parameterized63 has unconnected port CE
WARNING: [Synth 8-3331] design xbip_pipe_v3_0_5_viv__parameterized63 has unconnected port SCLR
WARNING: [Synth 8-3331] design xbip_pipe_v3_0_5_viv__parameterized63 has unconnected port SSET
WARNING: [Synth 8-3331] design xbip_pipe_v3_0_5_viv__parameterized63 has unconnected port SINIT
WARNING: [Synth 8-3331] design flt_round_bit__parameterized0 has unconnected port NORMALIZE[1]
WARNING: [Synth 8-3331] design flt_round_bit__parameterized0 has unconnected port FIXED_POINT
WARNING: [Synth 8-3331] design flt_round_bit__parameterized0 has unconnected port FIX_MANT_SIGN
WARNING: [Synth 8-3331] design flt_round_bit__parameterized0 has unconnected port SIGN
WARNING: [Synth 8-3331] design xbip_pipe_v3_0_5_viv__parameterized55 has unconnected port CLK
WARNING: [Synth 8-3331] design xbip_pipe_v3_0_5_viv__parameterized55 has unconnected port CE
WARNING: [Synth 8-3331] design xbip_pipe_v3_0_5_viv__parameterized55 has unconnected port SCLR
WARNING: [Synth 8-3331] design xbip_pipe_v3_0_5_viv__parameterized55 has unconnected port SSET
WARNING: [Synth 8-3331] design xbip_pipe_v3_0_5_viv__parameterized55 has unconnected port SINIT
WARNING: [Synth 8-3331] design xbip_pipe_v3_0_5_viv__parameterized95 has unconnected port CLK
WARNING: [Synth 8-3331] design xbip_pipe_v3_0_5_viv__parameterized95 has unconnected port CE
WARNING: [Synth 8-3331] design xbip_pipe_v3_0_5_viv__parameterized95 has unconnected port SCLR
WARNING: [Synth 8-3331] design xbip_pipe_v3_0_5_viv__parameterized95 has unconnected port SSET
WARNING: [Synth 8-3331] design xbip_pipe_v3_0_5_viv__parameterized95 has unconnected port SINIT
WARNING: [Synth 8-3331] design xbip_pipe_v3_0_5_viv__parameterized61 has unconnected port CLK
WARNING: [Synth 8-3331] design xbip_pipe_v3_0_5_viv__parameterized61 has unconnected port CE
WARNING: [Synth 8-3331] design xbip_pipe_v3_0_5_viv__parameterized61 has unconnected port SCLR
WARNING: [Synth 8-3331] design xbip_pipe_v3_0_5_viv__parameterized61 has unconnected port SSET
WARNING: [Synth 8-3331] design xbip_pipe_v3_0_5_viv__parameterized61 has unconnected port SINIT
WARNING: [Synth 8-3331] design xbip_pipe_v3_0_5_viv__parameterized59 has unconnected port CLK
WARNING: [Synth 8-3331] design xbip_pipe_v3_0_5_viv__parameterized59 has unconnected port CE
WARNING: [Synth 8-3331] design xbip_pipe_v3_0_5_viv__parameterized59 has unconnected port SCLR
WARNING: [Synth 8-3331] design xbip_pipe_v3_0_5_viv__parameterized59 has unconnected port SSET
WARNING: [Synth 8-3331] design xbip_pipe_v3_0_5_viv__parameterized59 has unconnected port SINIT
WARNING: [Synth 8-3331] design flt_mult_round has unconnected port MANT_CASC_IN[47]
WARNING: [Synth 8-3331] design flt_mult_round has unconnected port MANT_CASC_IN[46]
WARNING: [Synth 8-3331] design flt_mult_round has unconnected port MANT_CASC_IN[45]
WARNING: [Synth 8-3331] design flt_mult_round has unconnected port MANT_CASC_IN[44]
WARNING: [Synth 8-3331] design flt_mult_round has unconnected port MANT_CASC_IN[43]
WARNING: [Synth 8-3331] design flt_mult_round has unconnected port MANT_CASC_IN[42]
WARNING: [Synth 8-3331] design flt_mult_round has unconnected port MANT_CASC_IN[41]
WARNING: [Synth 8-3331] design flt_mult_round has unconnected port MANT_CASC_IN[40]
WARNING: [Synth 8-3331] design flt_mult_round has unconnected port MANT_CASC_IN[39]
WARNING: [Synth 8-3331] design flt_mult_round has unconnected port MANT_CASC_IN[38]
WARNING: [Synth 8-3331] design flt_mult_round has unconnected port MANT_CASC_IN[37]
WARNING: [Synth 8-3331] design flt_mult_round has unconnected port MANT_CASC_IN[36]
WARNING: [Synth 8-3331] design flt_mult_round has unconnected port MANT_CASC_IN[35]
WARNING: [Synth 8-3331] design flt_mult_round has unconnected port MANT_CASC_IN[34]
INFO: [Common 17-14] Message 'Synth 8-3331' appears 100 times and further instances of the messages will be disabled. Use the Tcl command set_msg_config to change the current settings.
---------------------------------------------------------------------------------
Finished RTL Elaboration : Time (s): cpu = 00:00:10 ; elapsed = 00:00:24 . Memory (MB): peak = 1544.766 ; gain = 192.688 ; free physical = 2517 ; free virtual = 4743
---------------------------------------------------------------------------------

Report Check Netlist: 
+------+------------------+-------+---------+-------+------------------+
|      |Item              |Errors |Warnings |Status |Description       |
+------+------------------+-------+---------+-------+------------------+
|1     |multi_driven_nets |      0|        0|Passed |Multi driven nets |
+------+------------------+-------+---------+-------+------------------+
---------------------------------------------------------------------------------
Start Handling Custom Attributes
---------------------------------------------------------------------------------
---------------------------------------------------------------------------------
Finished Handling Custom Attributes : Time (s): cpu = 00:00:10 ; elapsed = 00:00:25 . Memory (MB): peak = 1544.766 ; gain = 192.688 ; free physical = 2523 ; free virtual = 4750
---------------------------------------------------------------------------------
---------------------------------------------------------------------------------
Finished RTL Optimization Phase 1 : Time (s): cpu = 00:00:10 ; elapsed = 00:00:25 . Memory (MB): peak = 1544.766 ; gain = 192.688 ; free physical = 2523 ; free virtual = 4750
---------------------------------------------------------------------------------
INFO: [Netlist 29-17] Analyzing 360 Unisim elements for replacement
INFO: [Netlist 29-28] Unisim Transformation completed in 0 CPU seconds
INFO: [Device 21-403] Loading part xczu3eg-sbva484-1-i
INFO: [Project 1-570] Preparing netlist for logic optimization

Processing XDC Constraints
Initializing timing engine
Parsing XDC File [/home/kida925e/Final_submission/Conv_no_opt_vivado/Conv_no_opt_vivado.srcs/sources_1/bd/design_1/ip/design_1_Conv_1_0/constraints/Conv_ooc.xdc] for cell 'inst'
Finished Parsing XDC File [/home/kida925e/Final_submission/Conv_no_opt_vivado/Conv_no_opt_vivado.srcs/sources_1/bd/design_1/ip/design_1_Conv_1_0/constraints/Conv_ooc.xdc] for cell 'inst'
Parsing XDC File [/home/kida925e/Final_submission/Conv_no_opt_vivado/Conv_no_opt_vivado.runs/design_1_Conv_1_0_synth_1/dont_touch.xdc]
Finished Parsing XDC File [/home/kida925e/Final_submission/Conv_no_opt_vivado/Conv_no_opt_vivado.runs/design_1_Conv_1_0_synth_1/dont_touch.xdc]
Completed Processing XDC Constraints

Netlist sorting complete. Time (s): cpu = 00:00:00 ; elapsed = 00:00:00 . Memory (MB): peak = 2357.797 ; gain = 0.000 ; free physical = 1788 ; free virtual = 4136
INFO: [Project 1-111] Unisim Transformation Summary:
  A total of 19 instances were transformed.
  DSP48E1 => DSP48E2 (DSP_ALU, DSP_A_B_DATA, DSP_C_DATA, DSP_MULTIPLIER, DSP_M_DATA, DSP_OUTPUT, DSP_PREADD_DATA, DSP_PREADD): 14 instances
  FDE => FDRE: 5 instances

Netlist sorting complete. Time (s): cpu = 00:00:00 ; elapsed = 00:00:00 . Memory (MB): peak = 2357.797 ; gain = 0.000 ; free physical = 1787 ; free virtual = 4135
Constraint Validation Runtime : Time (s): cpu = 00:00:00.11 ; elapsed = 00:00:00.17 . Memory (MB): peak = 2357.797 ; gain = 0.000 ; free physical = 1786 ; free virtual = 4134
---------------------------------------------------------------------------------
Finished Constraint Validation : Time (s): cpu = 00:00:23 ; elapsed = 00:01:00 . Memory (MB): peak = 2357.797 ; gain = 1005.719 ; free physical = 1854 ; free virtual = 4202
---------------------------------------------------------------------------------
---------------------------------------------------------------------------------
Start Loading Part and Timing Information
---------------------------------------------------------------------------------
Loading part: xczu3eg-sbva484-1-i
INFO: [Synth 8-6742] Reading net delay rules and data
---------------------------------------------------------------------------------
Finished Loading Part and Timing Information : Time (s): cpu = 00:00:23 ; elapsed = 00:01:00 . Memory (MB): peak = 2357.797 ; gain = 1005.719 ; free physical = 1854 ; free virtual = 4202
---------------------------------------------------------------------------------
---------------------------------------------------------------------------------
Start Applying 'set_property' XDC Constraints
---------------------------------------------------------------------------------
Applied set_property DONT_TOUCH = true for inst. (constraint file  /home/kida925e/Final_submission/Conv_no_opt_vivado/Conv_no_opt_vivado.runs/design_1_Conv_1_0_synth_1/dont_touch.xdc, line 9).
---------------------------------------------------------------------------------
Finished applying 'set_property' XDC Constraints : Time (s): cpu = 00:00:23 ; elapsed = 00:01:00 . Memory (MB): peak = 2357.797 ; gain = 1005.719 ; free physical = 1855 ; free virtual = 4203
---------------------------------------------------------------------------------
INFO: [Synth 8-5544] ROM "enc_chunk" won't be mapped to Block RAM because address size (4) smaller than threshold (5)
INFO: [Synth 8-5544] ROM "enc_chunk" won't be mapped to Block RAM because address size (4) smaller than threshold (5)
INFO: [Synth 8-5544] ROM "enc_chunk" won't be mapped to Block RAM because address size (4) smaller than threshold (5)
INFO: [Synth 8-5544] ROM "enc_chunk" won't be mapped to Block RAM because address size (4) smaller than threshold (5)
INFO: [Synth 8-5544] ROM "enc_chunk" won't be mapped to Block RAM because address size (4) smaller than threshold (5)
INFO: [Synth 8-5544] ROM "enc_chunk" won't be mapped to Block RAM because address size (4) smaller than threshold (5)
INFO: [Synth 8-5544] ROM "enc_chunk" won't be mapped to Block RAM because address size (4) smaller than threshold (5)
INFO: [Synth 8-5544] ROM "enc_chunk" won't be mapped to Block RAM because address size (4) smaller than threshold (5)
INFO: [Synth 8-5544] ROM "enc_chunk" won't be mapped to Block RAM because address size (4) smaller than threshold (5)
INFO: [Synth 8-5544] ROM "enc_chunk" won't be mapped to Block RAM because address size (4) smaller than threshold (5)
INFO: [Synth 8-5544] ROM "enc_chunk" won't be mapped to Block RAM because address size (4) smaller than threshold (5)
INFO: [Synth 8-5544] ROM "enc_chunk" won't be mapped to Block RAM because address size (4) smaller than threshold (5)
INFO: [Synth 8-5544] ROM "enc_chunk" won't be mapped to Block RAM because address size (4) smaller than threshold (5)
INFO: [Synth 8-5544] ROM "enc_chunk" won't be mapped to Block RAM because address size (4) smaller than threshold (5)
INFO: [Synth 8-5544] ROM "enc_chunk" won't be mapped to Block RAM because address size (4) smaller than threshold (5)
INFO: [Synth 8-5544] ROM "enc_chunk" won't be mapped to Block RAM because address size (4) smaller than threshold (5)
INFO: [Synth 8-5546] ROM "exp_all_one_ip" won't be mapped to RAM because it is too sparse
INFO: [Synth 8-5546] ROM "exp_all_zero_ip" won't be mapped to RAM because it is too sparse
INFO: [Synth 8-5546] ROM "lrg_almost_over" won't be mapped to RAM because it is too sparse
INFO: [Synth 8-5546] ROM "lrg_almost_over" won't be mapped to RAM because it is too sparse
INFO: [Synth 8-5544] ROM "det_state" won't be mapped to Block RAM because address size (1) smaller than threshold (5)
INFO: [Synth 8-5546] ROM "exp_all_one_ip" won't be mapped to RAM because it is too sparse
INFO: [Synth 8-5546] ROM "exp_all_zero_ip" won't be mapped to RAM because it is too sparse
INFO: [Synth 8-5546] ROM "exp_just_over_sig" won't be mapped to RAM because it is too sparse
INFO: [Synth 8-5546] ROM "flow_sig" won't be mapped to RAM because it is too sparse
INFO: [Synth 8-5546] ROM "flow_sig" won't be mapped to RAM because it is too sparse
INFO: [Synth 8-5546] ROM "exp_just_over_sig" won't be mapped to RAM because it is too sparse
INFO: [Synth 8-5546] ROM "flow_sig" won't be mapped to RAM because it is too sparse
INFO: [Synth 8-5546] ROM "flow_sig" won't be mapped to RAM because it is too sparse
INFO: [Synth 8-5544] ROM "state_int_up" won't be mapped to Block RAM because address size (1) smaller than threshold (5)
INFO: [Synth 8-4471] merging register 'j_3_cast_reg_1057_reg[2:2]' into 'i_3_cast_reg_1039_reg[2:2]' [/home/kida925e/Final_submission/Conv_no_opt_vivado/Conv_no_opt_vivado.srcs/sources_1/bd/design_1/ipshared/4942/hdl/verilog/Conv.v:1449]
INFO: [Synth 8-5818] HDL ADVISOR - The operator resource <adder> is shared. To prevent sharing consider applying a KEEP on the output of the operator [/home/kida925e/Final_submission/Conv_no_opt_vivado/Conv_no_opt_vivado.srcs/sources_1/bd/design_1/ipshared/4942/hdl/verilog/Conv.v:344]
INFO: [Synth 8-5818] HDL ADVISOR - The operator resource <adder> is shared. To prevent sharing consider applying a KEEP on the output of the operator [/home/kida925e/Final_submission/Conv_no_opt_vivado/Conv_no_opt_vivado.srcs/sources_1/bd/design_1/ipshared/4942/hdl/verilog/Conv.v:330]
WARNING: [Synth 8-3936] Found unconnected internal register 'tmp_1_reg_948_reg' and it is trimmed from '5' to '4' bits. [/home/kida925e/Final_submission/Conv_no_opt_vivado/Conv_no_opt_vivado.srcs/sources_1/bd/design_1/ipshared/4942/hdl/verilog/Conv.v:802]
WARNING: [Synth 8-3936] Found unconnected internal register 'tmp_21_reg_1011_reg' and it is trimmed from '5' to '4' bits. [/home/kida925e/Final_submission/Conv_no_opt_vivado/Conv_no_opt_vivado.srcs/sources_1/bd/design_1/ipshared/4942/hdl/verilog/Conv.v:808]
WARNING: [Synth 8-3936] Found unconnected internal register 'tmp_33_reg_1083_reg' and it is trimmed from '6' to '5' bits. [/home/kida925e/Final_submission/Conv_no_opt_vivado/Conv_no_opt_vivado.srcs/sources_1/bd/design_1/ipshared/4942/hdl/verilog/Conv.v:827]
WARNING: [Synth 8-3936] Found unconnected internal register 'tmp_10_reg_1052_reg' and it is trimmed from '5' to '4' bits. [/home/kida925e/Final_submission/Conv_no_opt_vivado/Conv_no_opt_vivado.srcs/sources_1/bd/design_1/ipshared/4942/hdl/verilog/Conv.v:789]
WARNING: [Synth 8-3936] Found unconnected internal register 'tmp_7_reg_987_reg' and it is trimmed from '6' to '5' bits. [/home/kida925e/Final_submission/Conv_no_opt_vivado/Conv_no_opt_vivado.srcs/sources_1/bd/design_1/ipshared/4942/hdl/verilog/Conv.v:739]
WARNING: [Synth 8-3936] Found unconnected internal register 'tmp_5_reg_969_reg' and it is trimmed from '5' to '4' bits. [/home/kida925e/Final_submission/Conv_no_opt_vivado/Conv_no_opt_vivado.srcs/sources_1/bd/design_1/ipshared/4942/hdl/verilog/Conv.v:834]
WARNING: [Synth 8-3936] Found unconnected internal register 'tmp_14_reg_1139_reg' and it is trimmed from '5' to '4' bits. [/home/kida925e/Final_submission/Conv_no_opt_vivado/Conv_no_opt_vivado.srcs/sources_1/bd/design_1/ipshared/4942/hdl/verilog/Conv.v:795]
WARNING: [Synth 8-3936] Found unconnected internal register 'tmp_35_reg_1088_reg' and it is trimmed from '5' to '4' bits. [/home/kida925e/Final_submission/Conv_no_opt_vivado/Conv_no_opt_vivado.srcs/sources_1/bd/design_1/ipshared/4942/hdl/verilog/Conv.v:828]
INFO: [Synth 8-4490] FSM extraction disabled for register 'ap_CS_fsm_reg' through user attribute
INFO: [Synth 8-4490] FSM extraction disabled for register 'ap_CS_fsm_reg' through user attribute
INFO: [Synth 8-5544] ROM "exitcond1_fu_406_p2" won't be mapped to Block RAM because address size (2) smaller than threshold (5)
INFO: [Synth 8-5544] ROM "exitcond3_fu_440_p2" won't be mapped to Block RAM because address size (2) smaller than threshold (5)
INFO: [Synth 8-5544] ROM "exitcond2_fu_466_p2" won't be mapped to Block RAM because address size (2) smaller than threshold (5)
INFO: [Synth 8-5544] ROM "exitcond4_fu_500_p2" won't be mapped to Block RAM because address size (2) smaller than threshold (5)
INFO: [Synth 8-5544] ROM "tmp_2_fu_580_p2" won't be mapped to Block RAM because address size (3) smaller than threshold (5)
INFO: [Synth 8-5544] ROM "tmp_8_fu_574_p2" won't be mapped to Block RAM because address size (3) smaller than threshold (5)
INFO: [Synth 8-5544] ROM "exitcond5_fu_586_p2" won't be mapped to Block RAM because address size (2) smaller than threshold (5)
INFO: [Synth 8-5544] ROM "exitcond7_fu_642_p2" won't be mapped to Block RAM because address size (2) smaller than threshold (5)
INFO: [Synth 8-5544] ROM "exitcond6_fu_685_p2" won't be mapped to Block RAM because address size (2) smaller than threshold (5)
INFO: [Synth 8-5544] ROM "exitcond9_fu_723_p2" won't be mapped to Block RAM because address size (2) smaller than threshold (5)
INFO: [Synth 8-5544] ROM "exitcond10_fu_753_p2" won't be mapped to Block RAM because address size (2) smaller than threshold (5)
INFO: [Synth 8-5544] ROM "exitcond11_fu_818_p2" won't be mapped to Block RAM because address size (2) smaller than threshold (5)
INFO: [Synth 8-5544] ROM "exitcond8_fu_863_p2" won't be mapped to Block RAM because address size (2) smaller than threshold (5)
INFO: [Synth 8-5544] ROM "exitcond_fu_903_p2" won't be mapped to Block RAM because address size (2) smaller than threshold (5)
INFO: [Synth 8-5544] ROM "tmp_15_fu_897_p2" won't be mapped to Block RAM because address size (2) smaller than threshold (5)
INFO: [Synth 8-5544] ROM "tmp_19_fu_929_p2" won't be mapped to Block RAM because address size (2) smaller than threshold (5)
---------------------------------------------------------------------------------
Finished RTL Optimization Phase 2 : Time (s): cpu = 00:00:24 ; elapsed = 00:01:02 . Memory (MB): peak = 2357.797 ; gain = 1005.719 ; free physical = 1852 ; free virtual = 4202
---------------------------------------------------------------------------------
INFO: [Synth 8-223] decloning instance 'inst/Conv_dadd_64ns_64ns_64_5_full_dsp_1_U1/Conv_ap_dadd_3_full_dsp_64_u/U0/i_synth/DELAY_DIVIDE_BY_ZERO' (delay__parameterized1) to 'inst/Conv_dadd_64ns_64ns_64_5_full_dsp_1_U1/Conv_ap_dadd_3_full_dsp_64_u/U0/i_synth/DELAY_ACCUM_OVERFLOW'
INFO: [Synth 8-223] decloning instance 'inst/Conv_dadd_64ns_64ns_64_5_full_dsp_1_U1/Conv_ap_dadd_3_full_dsp_64_u/U0/i_synth/DELAY_DIVIDE_BY_ZERO' (delay__parameterized1) to 'inst/Conv_dadd_64ns_64ns_64_5_full_dsp_1_U1/Conv_ap_dadd_3_full_dsp_64_u/U0/i_synth/DELAY_ACCUM_INPUT_OVERFLOW'
INFO: [Synth 8-223] decloning instance 'inst/Conv_dadd_64ns_64ns_64_5_full_dsp_1_U1/Conv_ap_dadd_3_full_dsp_64_u/U0/i_synth/ADDSUB_OP.ADDSUB/SPEED_OP.LOGIC.OP/ALIGN_BLK/SUB_DELAY' (delay__parameterized1) to 'inst/Conv_dadd_64ns_64ns_64_5_full_dsp_1_U1/Conv_ap_dadd_3_full_dsp_64_u/U0/i_synth/ADDSUB_OP.ADDSUB/SPEED_OP.LOGIC.OP/ALIGN_BLK/SUBTRACT_PREADD_DEL'
INFO: [Synth 8-223] decloning instance 'inst/Conv_dadd_64ns_64ns_64_5_full_dsp_1_U1/Conv_ap_dadd_3_full_dsp_64_u/U0/i_synth/ADDSUB_OP.ADDSUB/SPEED_OP.LOGIC.OP/NORM/ROUND/EXTRA_LSB_BIT_DEL' (delay__parameterized1) to 'inst/Conv_dadd_64ns_64ns_64_5_full_dsp_1_U1/Conv_ap_dadd_3_full_dsp_64_u/U0/i_synth/ADDSUB_OP.ADDSUB/SPEED_OP.LOGIC.OP/NORM/ROUND/EXTRA_LSB_RND1_DEL'
INFO: [Synth 8-223] decloning instance 'inst/Conv_dadd_64ns_64ns_64_5_full_dsp_1_U1/Conv_ap_dadd_3_full_dsp_64_u/U0/i_synth/ADDSUB_OP.ADDSUB/SPEED_OP.LOGIC.OP/NORM/ROUND/EXP_INC_DELAY' (delay__parameterized1) to 'inst/Conv_dadd_64ns_64ns_64_5_full_dsp_1_U1/Conv_ap_dadd_3_full_dsp_64_u/U0/i_synth/ADDSUB_OP.ADDSUB/SPEED_OP.LOGIC.OP/NORM/ROUND/EXP_INC_RND1_DELAY'
INFO: [Synth 8-223] decloning instance 'inst/Conv_dmul_64ns_64ns_64_5_max_dsp_1_U2/Conv_ap_dmul_3_max_dsp_64_u/U0/i_synth/DELAY_DIVIDE_BY_ZERO' (delay__parameterized1) to 'inst/Conv_dmul_64ns_64ns_64_5_max_dsp_1_U2/Conv_ap_dmul_3_max_dsp_64_u/U0/i_synth/DELAY_ACCUM_OVERFLOW'
INFO: [Synth 8-223] decloning instance 'inst/Conv_dmul_64ns_64ns_64_5_max_dsp_1_U2/Conv_ap_dmul_3_max_dsp_64_u/U0/i_synth/DELAY_DIVIDE_BY_ZERO' (delay__parameterized1) to 'inst/Conv_dmul_64ns_64ns_64_5_max_dsp_1_U2/Conv_ap_dmul_3_max_dsp_64_u/U0/i_synth/DELAY_ACCUM_INPUT_OVERFLOW'
INFO: [Synth 8-223] decloning instance 'inst/Conv_dmul_64ns_64ns_64_5_max_dsp_1_U2/Conv_ap_dmul_3_max_dsp_64_u/U0/i_synth/MULT.OP/R_AND_R/LOGIC.R_AND_R/EXTRA_LSB_BIT_DEL' (delay__parameterized1) to 'inst/Conv_dmul_64ns_64ns_64_5_max_dsp_1_U2/Conv_ap_dmul_3_max_dsp_64_u/U0/i_synth/MULT.OP/R_AND_R/LOGIC.R_AND_R/EXTRA_LSB_RND1_DEL'
INFO: [Synth 8-223] decloning instance 'inst/Conv_dmul_64ns_64ns_64_5_max_dsp_1_U2/Conv_ap_dmul_3_max_dsp_64_u/U0/i_synth/MULT.OP/R_AND_R/LOGIC.R_AND_R/EXP_INC_DELAY' (delay__parameterized1) to 'inst/Conv_dmul_64ns_64ns_64_5_max_dsp_1_U2/Conv_ap_dmul_3_max_dsp_64_u/U0/i_synth/MULT.OP/R_AND_R/LOGIC.R_AND_R/EXP_INC_RND1_DELAY'
INFO: [Synth 8-223] decloning instance 'inst/Conv_dmul_64ns_64ns_64_5_max_dsp_1_U2/Conv_ap_dmul_3_max_dsp_64_u/U0/i_synth/MULT.OP/R_AND_R/LOGIC.R_AND_R/EXP_IN_DELAY.EXP_IN_DEL' (delay__parameterized50) to 'inst/Conv_dmul_64ns_64ns_64_5_max_dsp_1_U2/Conv_ap_dmul_3_max_dsp_64_u/U0/i_synth/MULT.OP/R_AND_R/LOGIC.R_AND_R/EXP_RND2_DELAY.EXP_RND_DEL'
INFO: [Synth 8-223] decloning instance 'inst/Conv_dmul_64ns_64ns_64_5_max_dsp_1_U2/Conv_ap_dmul_3_max_dsp_64_u/U0/i_synth/MULT.OP/R_AND_R/LOGIC.R_AND_R/EXP_IN_DELAY.EXP_OFF_OP_DEL' (delay__parameterized50) to 'inst/Conv_dmul_64ns_64ns_64_5_max_dsp_1_U2/Conv_ap_dmul_3_max_dsp_64_u/U0/i_synth/MULT.OP/R_AND_R/LOGIC.R_AND_R/EXP_RND2_DELAY.EXP_OFF_RND_DEL'

Report RTL Partitions: 
+-+--------------+------------+----------+
| |RTL Partition |Replication |Instances |
+-+--------------+------------+----------+
+-+--------------+------------+----------+
---------------------------------------------------------------------------------
Start RTL Component Statistics 
---------------------------------------------------------------------------------
---------------------------------------------------------------------------------
Finished RTL Component Statistics 
---------------------------------------------------------------------------------
---------------------------------------------------------------------------------
Start RTL Hierarchical Component Statistics 
---------------------------------------------------------------------------------
---------------------------------------------------------------------------------
Finished RTL Hierarchical Component Statistics
---------------------------------------------------------------------------------
---------------------------------------------------------------------------------
Start Part Resource Summary
---------------------------------------------------------------------------------
Part Resources:
DSPs: 360 (col length:72)
BRAMs: 432 (col length: RAMB18 72 RAMB36 36)
---------------------------------------------------------------------------------
Finished Part Resource Summary
---------------------------------------------------------------------------------
---------------------------------------------------------------------------------
Start Cross Boundary and Area Optimization
---------------------------------------------------------------------------------
Warning: Parallel synthesis criteria is not met 
INFO: [Synth 8-5544] ROM "LZE/enc_chunk" won't be mapped to Block RAM because address size (4) smaller than threshold (5)
INFO: [Synth 8-5544] ROM "LZE/enc_chunk" won't be mapped to Block RAM because address size (4) smaller than threshold (5)
INFO: [Synth 8-5544] ROM "LZE/enc_chunk" won't be mapped to Block RAM because address size (4) smaller than threshold (5)
INFO: [Synth 8-5544] ROM "LZE/enc_chunk" won't be mapped to Block RAM because address size (4) smaller than threshold (5)
INFO: [Synth 8-5544] ROM "LZE/enc_chunk" won't be mapped to Block RAM because address size (4) smaller than threshold (5)
INFO: [Synth 8-5544] ROM "LZE/enc_chunk" won't be mapped to Block RAM because address size (4) smaller than threshold (5)
INFO: [Synth 8-5544] ROM "LZE/enc_chunk" won't be mapped to Block RAM because address size (4) smaller than threshold (5)
INFO: [Synth 8-5544] ROM "LZE/enc_chunk" won't be mapped to Block RAM because address size (4) smaller than threshold (5)
INFO: [Synth 8-5544] ROM "LZE/enc_chunk" won't be mapped to Block RAM because address size (4) smaller than threshold (5)
INFO: [Synth 8-5544] ROM "LZE/enc_chunk" won't be mapped to Block RAM because address size (4) smaller than threshold (5)
INFO: [Synth 8-5544] ROM "LZE/enc_chunk" won't be mapped to Block RAM because address size (4) smaller than threshold (5)
INFO: [Synth 8-5544] ROM "LZE/enc_chunk" won't be mapped to Block RAM because address size (4) smaller than threshold (5)
INFO: [Synth 8-5544] ROM "LZE/enc_chunk" won't be mapped to Block RAM because address size (4) smaller than threshold (5)
INFO: [Synth 8-5544] ROM "LZE/enc_chunk" won't be mapped to Block RAM because address size (4) smaller than threshold (5)
INFO: [Synth 8-5544] ROM "LZE/enc_chunk" won't be mapped to Block RAM because address size (4) smaller than threshold (5)
INFO: [Synth 8-5544] ROM "LZE/enc_chunk" won't be mapped to Block RAM because address size (4) smaller than threshold (5)
INFO: [Synth 8-5546] ROM "COND_DET_A/exp_all_one_ip" won't be mapped to RAM because it is too sparse
INFO: [Synth 8-5546] ROM "COND_DET_A/exp_all_zero_ip" won't be mapped to RAM because it is too sparse
INFO: [Synth 8-5546] ROM "COND_DET_B/exp_all_one_ip" won't be mapped to RAM because it is too sparse
INFO: [Synth 8-5546] ROM "COND_DET_B/exp_all_zero_ip" won't be mapped to RAM because it is too sparse
INFO: [Synth 8-5546] ROM "lrg_almost_over" won't be mapped to RAM because it is too sparse
INFO: [Synth 8-5546] ROM "MULT.OP/EXP/COND_DET_A/exp_all_one_ip" won't be mapped to RAM because it is too sparse
INFO: [Synth 8-5546] ROM "MULT.OP/EXP/COND_DET_A/exp_all_zero_ip" won't be mapped to RAM because it is too sparse
INFO: [Synth 8-5546] ROM "MULT.OP/EXP/COND_DET_B/exp_all_one_ip" won't be mapped to RAM because it is too sparse
INFO: [Synth 8-5546] ROM "MULT.OP/EXP/COND_DET_B/exp_all_zero_ip" won't be mapped to RAM because it is too sparse
INFO: [Synth 8-5546] ROM "MULT.OP/EXP/exp_just_over_sig" won't be mapped to RAM because it is too sparse
INFO: [Synth 8-5546] ROM "MULT.OP/EXP/flow_sig" won't be mapped to RAM because it is too sparse
INFO: [Synth 8-5546] ROM "MULT.OP/EXP/flow_sig" won't be mapped to RAM because it is too sparse
INFO: [Synth 8-4471] merging register 'Conv_dmul_64ns_64ns_64_5_max_dsp_1_U2/ce_r_reg' into 'Conv_dadd_64ns_64ns_64_5_full_dsp_1_U1/ce_r_reg' [/home/kida925e/Final_submission/Conv_no_opt_vivado/Conv_no_opt_vivado.srcs/sources_1/bd/design_1/ipshared/4942/hdl/verilog/Conv_dmul_64ns_64ns_64_5_max_dsp_1.v:53]
INFO: [Synth 8-5544] ROM "exitcond1_fu_406_p2" won't be mapped to Block RAM because address size (2) smaller than threshold (5)
INFO: [Synth 8-5544] ROM "exitcond3_fu_440_p2" won't be mapped to Block RAM because address size (2) smaller than threshold (5)
INFO: [Synth 8-5544] ROM "tmp_2_fu_580_p2" won't be mapped to Block RAM because address size (3) smaller than threshold (5)
INFO: [Synth 8-5544] ROM "tmp_8_fu_574_p2" won't be mapped to Block RAM because address size (3) smaller than threshold (5)
INFO: [Synth 8-5544] ROM "exitcond7_fu_642_p2" won't be mapped to Block RAM because address size (2) smaller than threshold (5)
INFO: [Synth 8-5544] ROM "exitcond5_fu_586_p2" won't be mapped to Block RAM because address size (2) smaller than threshold (5)
INFO: [Synth 8-5544] ROM "exitcond11_fu_818_p2" won't be mapped to Block RAM because address size (2) smaller than threshold (5)
INFO: [Synth 8-5544] ROM "exitcond10_fu_753_p2" won't be mapped to Block RAM because address size (2) smaller than threshold (5)
INFO: [Synth 8-5544] ROM "exitcond9_fu_723_p2" won't be mapped to Block RAM because address size (2) smaller than threshold (5)
INFO: [Synth 8-5544] ROM "exitcond6_fu_685_p2" won't be mapped to Block RAM because address size (2) smaller than threshold (5)
INFO: [Synth 8-5544] ROM "exitcond_fu_903_p2" won't be mapped to Block RAM because address size (2) smaller than threshold (5)
INFO: [Synth 8-5544] ROM "exitcond8_fu_863_p2" won't be mapped to Block RAM because address size (2) smaller than threshold (5)
INFO: [Synth 8-5544] ROM "exitcond2_fu_466_p2" won't be mapped to Block RAM because address size (2) smaller than threshold (5)
INFO: [Synth 8-5544] ROM "exitcond4_fu_500_p2" won't be mapped to Block RAM because address size (2) smaller than threshold (5)
INFO: [Synth 8-5544] ROM "tmp_19_fu_929_p2" won't be mapped to Block RAM because address size (2) smaller than threshold (5)
INFO: [Synth 8-5544] ROM "tmp_15_fu_897_p2" won't be mapped to Block RAM because address size (2) smaller than threshold (5)
INFO: [Synth 8-3886] merging instance 'inst/tmp_25_reg_1016_reg[3]' (FDE) to 'inst/tmp_25_reg_1016_reg[1]'
INFO: [Synth 8-3886] merging instance 'inst/tmp_25_reg_1016_reg[2]' (FDE) to 'inst/tmp_25_reg_1016_reg[0]'
INFO: [Synth 8-3333] propagating constant 0 across sequential element (inst/\tmp_25_reg_1016_reg[4] )
INFO: [Synth 8-3333] propagating constant 0 across sequential element (inst/\i_3_cast_reg_1039_reg[2] )
INFO: [Synth 8-3333] propagating constant 1 across sequential element (inst/\Conv_dadd_64ns_64ns_64_5_full_dsp_1_U1/ce_r_reg )
INFO: [Synth 8-3886] merging instance 'inst/tmp_21_reg_1011_reg[1]' (FDE) to 'inst/tmp_25_reg_1016_reg[1]'
---------------------------------------------------------------------------------
Finished Cross Boundary and Area Optimization : Time (s): cpu = 00:00:27 ; elapsed = 00:01:06 . Memory (MB): peak = 2357.797 ; gain = 1005.719 ; free physical = 1804 ; free virtual = 4158
---------------------------------------------------------------------------------

Report RTL Partitions: 
+-+--------------+------------+----------+
| |RTL Partition |Replication |Instances |
+-+--------------+------------+----------+
+-+--------------+------------+----------+
---------------------------------------------------------------------------------
Start Applying XDC Timing Constraints
---------------------------------------------------------------------------------
---------------------------------------------------------------------------------
Finished Applying XDC Timing Constraints : Time (s): cpu = 00:00:45 ; elapsed = 00:01:49 . Memory (MB): peak = 2607.648 ; gain = 1255.570 ; free physical = 1292 ; free virtual = 3646
---------------------------------------------------------------------------------
---------------------------------------------------------------------------------
Start Timing Optimization
---------------------------------------------------------------------------------
---------------------------------------------------------------------------------
Finished Timing Optimization : Time (s): cpu = 00:00:46 ; elapsed = 00:01:50 . Memory (MB): peak = 2641.688 ; gain = 1289.609 ; free physical = 1263 ; free virtual = 3617
---------------------------------------------------------------------------------

Report RTL Partitions: 
+-+--------------+------------+----------+
| |RTL Partition |Replication |Instances |
+-+--------------+------------+----------+
+-+--------------+------------+----------+
---------------------------------------------------------------------------------
Start Technology Mapping
---------------------------------------------------------------------------------
---------------------------------------------------------------------------------
Finished Technology Mapping : Time (s): cpu = 00:00:47 ; elapsed = 00:01:51 . Memory (MB): peak = 2651.711 ; gain = 1299.633 ; free physical = 1255 ; free virtual = 3609
---------------------------------------------------------------------------------

Report RTL Partitions: 
+-+--------------+------------+----------+
| |RTL Partition |Replication |Instances |
+-+--------------+------------+----------+
+-+--------------+------------+----------+
---------------------------------------------------------------------------------
Start IO Insertion
---------------------------------------------------------------------------------
---------------------------------------------------------------------------------
Start Flattening Before IO Insertion
---------------------------------------------------------------------------------
---------------------------------------------------------------------------------
Finished Flattening Before IO Insertion
---------------------------------------------------------------------------------
---------------------------------------------------------------------------------
Start Final Netlist Cleanup
---------------------------------------------------------------------------------
---------------------------------------------------------------------------------
Finished Final Netlist Cleanup
---------------------------------------------------------------------------------
---------------------------------------------------------------------------------
Finished IO Insertion : Time (s): cpu = 00:00:48 ; elapsed = 00:01:51 . Memory (MB): peak = 2651.711 ; gain = 1299.633 ; free physical = 1255 ; free virtual = 3609
---------------------------------------------------------------------------------

Report Check Netlist: 
+------+------------------+-------+---------+-------+------------------+
|      |Item              |Errors |Warnings |Status |Description       |
+------+------------------+-------+---------+-------+------------------+
|1     |multi_driven_nets |      0|        0|Passed |Multi driven nets |
+------+------------------+-------+---------+-------+------------------+
---------------------------------------------------------------------------------
Start Renaming Generated Instances
---------------------------------------------------------------------------------
---------------------------------------------------------------------------------
Finished Renaming Generated Instances : Time (s): cpu = 00:00:48 ; elapsed = 00:01:51 . Memory (MB): peak = 2651.711 ; gain = 1299.633 ; free physical = 1255 ; free virtual = 3609
---------------------------------------------------------------------------------

Report RTL Partitions: 
+-+--------------+------------+----------+
| |RTL Partition |Replication |Instances |
+-+--------------+------------+----------+
+-+--------------+------------+----------+
---------------------------------------------------------------------------------
Start Rebuilding User Hierarchy
---------------------------------------------------------------------------------
---------------------------------------------------------------------------------
Finished Rebuilding User Hierarchy : Time (s): cpu = 00:00:48 ; elapsed = 00:01:51 . Memory (MB): peak = 2651.711 ; gain = 1299.633 ; free physical = 1255 ; free virtual = 3609
---------------------------------------------------------------------------------
---------------------------------------------------------------------------------
Start Renaming Generated Ports
---------------------------------------------------------------------------------
---------------------------------------------------------------------------------
Finished Renaming Generated Ports : Time (s): cpu = 00:00:48 ; elapsed = 00:01:51 . Memory (MB): peak = 2651.711 ; gain = 1299.633 ; free physical = 1255 ; free virtual = 3609
---------------------------------------------------------------------------------
---------------------------------------------------------------------------------
Start Handling Custom Attributes
---------------------------------------------------------------------------------
---------------------------------------------------------------------------------
Finished Handling Custom Attributes : Time (s): cpu = 00:00:48 ; elapsed = 00:01:52 . Memory (MB): peak = 2651.711 ; gain = 1299.633 ; free physical = 1255 ; free virtual = 3609
---------------------------------------------------------------------------------
---------------------------------------------------------------------------------
Start Renaming Generated Nets
---------------------------------------------------------------------------------
---------------------------------------------------------------------------------
Finished Renaming Generated Nets : Time (s): cpu = 00:00:48 ; elapsed = 00:01:52 . Memory (MB): peak = 2651.711 ; gain = 1299.633 ; free physical = 1255 ; free virtual = 3609
---------------------------------------------------------------------------------
---------------------------------------------------------------------------------
Start Writing Synthesis Report
---------------------------------------------------------------------------------

Report BlackBoxes: 
+-+--------------+----------+
| |BlackBox name |Instances |
+-+--------------+----------+
+-+--------------+----------+

Report Cell Usage: 
+------+-----------+------+
|      |Cell       |Count |
+------+-----------+------+
|1     |CARRY8     |     4|
|2     |DSP48E1    |    14|
|3     |LUT1       |    25|
|4     |LUT2       |   273|
|5     |LUT3       |   326|
|6     |LUT4       |   200|
|7     |LUT5       |   157|
|8     |LUT6       |   436|
|9     |MUXCY      |   199|
|10    |MUXF7      |    10|
|11    |MUXF8      |     1|
|12    |RAM16X1S   |   192|
|13    |RAMB18E2_1 |     2|
|14    |SRL16E     |     2|
|15    |XORCY      |    89|
|16    |FDE        |     5|
|17    |FDRE       |  1488|
|18    |FDSE       |     1|
+------+-----------+------+
---------------------------------------------------------------------------------
Finished Writing Synthesis Report : Time (s): cpu = 00:00:48 ; elapsed = 00:01:52 . Memory (MB): peak = 2651.711 ; gain = 1299.633 ; free physical = 1255 ; free virtual = 3609
---------------------------------------------------------------------------------
Synthesis finished with 0 errors, 0 critical warnings and 218 warnings.
Synthesis Optimization Runtime : Time (s): cpu = 00:00:37 ; elapsed = 00:01:18 . Memory (MB): peak = 2651.711 ; gain = 486.602 ; free physical = 1286 ; free virtual = 3640
Synthesis Optimization Complete : Time (s): cpu = 00:00:48 ; elapsed = 00:01:52 . Memory (MB): peak = 2651.719 ; gain = 1299.633 ; free physical = 1293 ; free virtual = 3647
INFO: [Project 1-571] Translating synthesized netlist
INFO: [Netlist 29-17] Analyzing 514 Unisim elements for replacement
INFO: [Netlist 29-28] Unisim Transformation completed in 0 CPU seconds
INFO: [Project 1-570] Preparing netlist for logic optimization
INFO: [Opt 31-138] Pushed 0 inverter(s) to 0 load pin(s).
INFO: [Opt 31-422] The CLOCK_DOMAINS attribute on the BRAM cell inst/padded_image_U/Conv_padded_image_ram_U/ram_reg_0 has been changed from INDEPENDENT to COMMON to match the clocking topology used for the BRAM.
INFO: [Opt 31-422] The CLOCK_DOMAINS attribute on the BRAM cell inst/padded_image_U/Conv_padded_image_ram_U/ram_reg_1 has been changed from INDEPENDENT to COMMON to match the clocking topology used for the BRAM.
Netlist sorting complete. Time (s): cpu = 00:00:00 ; elapsed = 00:00:00 . Memory (MB): peak = 2657.711 ; gain = 0.000 ; free physical = 1253 ; free virtual = 3607
INFO: [Project 1-111] Unisim Transformation Summary:
  A total of 247 instances were transformed.
  (CARRY4) => CARRY8: 36 instances
  DSP48E1 => DSP48E2 (DSP_ALU, DSP_A_B_DATA, DSP_C_DATA, DSP_MULTIPLIER, DSP_M_DATA, DSP_OUTPUT, DSP_PREADD_DATA, DSP_PREADD): 14 instances
  FDE => FDRE: 5 instances
  RAM16X1S => RAM32X1S (RAMS32): 192 instances

INFO: [Common 17-83] Releasing license: Synthesis
158 Infos, 108 Warnings, 0 Critical Warnings and 0 Errors encountered.
synth_design completed successfully
synth_design: Time (s): cpu = 00:00:50 ; elapsed = 00:01:54 . Memory (MB): peak = 2657.711 ; gain = 1317.148 ; free physical = 1301 ; free virtual = 3655
Netlist sorting complete. Time (s): cpu = 00:00:00 ; elapsed = 00:00:00 . Memory (MB): peak = 2657.711 ; gain = 0.000 ; free physical = 1301 ; free virtual = 3655
WARNING: [Constraints 18-5210] No constraints selected for write.
Resolution: This message can indicate that there are no constraints for the design, or it can indicate that the used_in flags are set such that the constraints are ignored. This later case is used when running synth_design to not write synthesis constraints to the resulting checkpoint. Instead, project constraints are read when the synthesized design is opened.
INFO: [Common 17-1381] The checkpoint '/home/kida925e/Final_submission/Conv_no_opt_vivado/Conv_no_opt_vivado.runs/design_1_Conv_1_0_synth_1/design_1_Conv_1_0.dcp' has been generated.
INFO: [Coretcl 2-1648] Added synthesis output to IP cache for IP design_1_Conv_1_0, cache-ID = 6cbd31376b6685bc
INFO: [Coretcl 2-1174] Renamed 155 cell refs.
Netlist sorting complete. Time (s): cpu = 00:00:00 ; elapsed = 00:00:00 . Memory (MB): peak = 2681.723 ; gain = 0.000 ; free physical = 1290 ; free virtual = 3650
WARNING: [Constraints 18-5210] No constraints selected for write.
Resolution: This message can indicate that there are no constraints for the design, or it can indicate that the used_in flags are set such that the constraints are ignored. This later case is used when running synth_design to not write synthesis constraints to the resulting checkpoint. Instead, project constraints are read when the synthesized design is opened.
INFO: [Common 17-1381] The checkpoint '/home/kida925e/Final_submission/Conv_no_opt_vivado/Conv_no_opt_vivado.runs/design_1_Conv_1_0_synth_1/design_1_Conv_1_0.dcp' has been generated.
INFO: [runtcl-4] Executing : report_utilization -file design_1_Conv_1_0_utilization_synth.rpt -pb design_1_Conv_1_0_utilization_synth.pb
INFO: [Common 17-206] Exiting Vivado at Wed Dec  6 14:39:02 2023...
