Copyright 1986-2019 Xilinx, Inc. All Rights Reserved.
-----------------------------------------------------------------------------------------------------------------------------
| Tool Version : Vivado v.2018.3.1 (lin64) Build 2489853 Tue Mar 26 04:18:30 MDT 2019
| Date         : Wed Dec  6 14:46:57 2023
| Host         : akDUJBP0-vbox.pd.inf.tu-dresden.de running 64-bit Ubuntu 20.04.6 LTS
| Command      : report_utilization -file design_1_wrapper_utilization_placed.rpt -pb design_1_wrapper_utilization_placed.pb
| Design       : design_1_wrapper
| Device       : xczu3egsbva484-1
| Design State : Fully Placed
-----------------------------------------------------------------------------------------------------------------------------

Utilization Design Information

Table of Contents
-----------------
1. CLB Logic
1.1 Summary of Registers by Type
2. CLB Logic Distribution
3. BLOCKRAM
4. ARITHMETIC
5. I/O
6. CLOCK
7. ADVANCED
8. CONFIGURATION
9. Primitives
10. Black Boxes
11. Instantiated Netlists

1. CLB Logic
------------

+----------------------------+-------+-------+-----------+-------+
|          Site Type         |  Used | Fixed | Available | Util% |
+----------------------------+-------+-------+-----------+-------+
| CLB LUTs                   |  7388 |     0 |     70560 | 10.47 |
|   LUT as Logic             |  6205 |     0 |     70560 |  8.79 |
|   LUT as Memory            |  1183 |     0 |     28800 |  4.11 |
|     LUT as Distributed RAM |   948 |     0 |           |       |
|     LUT as Shift Register  |   235 |     0 |           |       |
| CLB Registers              | 10474 |     0 |    141120 |  7.42 |
|   Register as Flip Flop    | 10474 |     0 |    141120 |  7.42 |
|   Register as Latch        |     0 |     0 |    141120 |  0.00 |
| CARRY8                     |    73 |     0 |      8820 |  0.83 |
| F7 Muxes                   |    15 |     0 |     35280 |  0.04 |
| F8 Muxes                   |     1 |     0 |     17640 | <0.01 |
| F9 Muxes                   |     0 |     0 |      8820 |  0.00 |
+----------------------------+-------+-------+-----------+-------+


1.1 Summary of Registers by Type
--------------------------------

+-------+--------------+-------------+--------------+
| Total | Clock Enable | Synchronous | Asynchronous |
+-------+--------------+-------------+--------------+
| 0     |            _ |           - |            - |
| 0     |            _ |           - |          Set |
| 0     |            _ |           - |        Reset |
| 0     |            _ |         Set |            - |
| 0     |            _ |       Reset |            - |
| 0     |          Yes |           - |            - |
| 33    |          Yes |           - |          Set |
| 69    |          Yes |           - |        Reset |
| 319   |          Yes |         Set |            - |
| 10053 |          Yes |       Reset |            - |
+-------+--------------+-------------+--------------+


2. CLB Logic Distribution
-------------------------

+--------------------------------------------+-------+-------+-----------+-------+
|                  Site Type                 |  Used | Fixed | Available | Util% |
+--------------------------------------------+-------+-------+-----------+-------+
| CLB                                        |  1430 |     0 |      8820 | 16.21 |
|   CLBL                                     |   937 |     0 |           |       |
|   CLBM                                     |   493 |     0 |           |       |
| LUT as Logic                               |  6205 |     0 |     70560 |  8.79 |
|   using O5 output only                     |   268 |       |           |       |
|   using O6 output only                     |  4106 |       |           |       |
|   using O5 and O6                          |  1831 |       |           |       |
| LUT as Memory                              |  1183 |     0 |     28800 |  4.11 |
|   LUT as Distributed RAM                   |   948 |     0 |           |       |
|     using O5 output only                   |     0 |       |           |       |
|     using O6 output only                   |     4 |       |           |       |
|     using O5 and O6                        |   944 |       |           |       |
|   LUT as Shift Register                    |   235 |     0 |           |       |
|     using O5 output only                   |     0 |       |           |       |
|     using O6 output only                   |   133 |       |           |       |
|     using O5 and O6                        |   102 |       |           |       |
| CLB Registers                              | 10474 |     0 |    141120 |  7.42 |
|   Register driven from within the CLB      |  6036 |       |           |       |
|   Register driven from outside the CLB     |  4438 |       |           |       |
|     LUT in front of the register is unused |  2948 |       |           |       |
|     LUT in front of the register is used   |  1490 |       |           |       |
| Unique Control Sets                        |   501 |       |     17640 |  2.84 |
+--------------------------------------------+-------+-------+-----------+-------+
* Note: Available Control Sets calculated as CLB Registers / 8, Review the Control Sets Report for more information regarding control sets.


3. BLOCKRAM
-----------

+-------------------+------+-------+-----------+-------+
|     Site Type     | Used | Fixed | Available | Util% |
+-------------------+------+-------+-----------+-------+
| Block RAM Tile    |    4 |     0 |       216 |  1.85 |
|   RAMB36/FIFO*    |    2 |     0 |       216 |  0.93 |
|     RAMB36E2 only |    2 |       |           |       |
|   RAMB18          |    4 |     0 |       432 |  0.93 |
|     RAMB18E2 only |    4 |       |           |       |
+-------------------+------+-------+-----------+-------+
* Note: Each Block RAM Tile only has one FIFO logic available and therefore can accommodate only one FIFO36E2 or one FIFO18E2. However, if a FIFO18E2 occupies a Block RAM Tile, that tile can still accommodate a RAMB18E2


4. ARITHMETIC
-------------

+----------------+------+-------+-----------+-------+
|    Site Type   | Used | Fixed | Available | Util% |
+----------------+------+-------+-----------+-------+
| DSPs           |   14 |     0 |       360 |  3.89 |
|   DSP48E2 only |   14 |       |           |       |
+----------------+------+-------+-----------+-------+


5. I/O
------

+------------------+------+-------+-----------+-------+
|     Site Type    | Used | Fixed | Available | Util% |
+------------------+------+-------+-----------+-------+
| Bonded IOB       |    0 |     0 |        82 |  0.00 |
| HPIOB_M          |    0 |     0 |        26 |  0.00 |
| HPIOB_S          |    0 |     0 |        26 |  0.00 |
| HDIOB_M          |    0 |     0 |        12 |  0.00 |
| HDIOB_S          |    0 |     0 |        12 |  0.00 |
| HPIOB_SNGL       |    0 |     0 |         6 |  0.00 |
| HPIOBDIFFINBUF   |    0 |     0 |        72 |  0.00 |
| HPIOBDIFFOUTBUF  |    0 |     0 |        72 |  0.00 |
| HDIOBDIFFINBUF   |    0 |     0 |        48 |  0.00 |
| BITSLICE_CONTROL |    0 |     0 |        24 |  0.00 |
| BITSLICE_RX_TX   |    0 |     0 |       156 |  0.00 |
| BITSLICE_TX      |    0 |     0 |        24 |  0.00 |
| RIU_OR           |    0 |     0 |        12 |  0.00 |
+------------------+------+-------+-----------+-------+


6. CLOCK
--------

+----------------------+------+-------+-----------+-------+
|       Site Type      | Used | Fixed | Available | Util% |
+----------------------+------+-------+-----------+-------+
| GLOBAL CLOCK BUFFERs |    1 |     0 |       196 |  0.51 |
|   BUFGCE             |    0 |     0 |        88 |  0.00 |
|   BUFGCE_DIV         |    0 |     0 |        12 |  0.00 |
|   BUFG_PS            |    1 |     0 |        72 |  1.39 |
|   BUFGCTRL*          |    0 |     0 |        24 |  0.00 |
| PLL                  |    0 |     0 |         6 |  0.00 |
| MMCM                 |    0 |     0 |         3 |  0.00 |
+----------------------+------+-------+-----------+-------+
* Note: Each used BUFGCTRL counts as two global buffer resources. This table does not include global clocking resources, only buffer cell usage. See the Clock Utilization Report (report_clock_utilization) for detailed accounting of global clocking resource availability.


7. ADVANCED
-----------

+-----------+------+-------+-----------+--------+
| Site Type | Used | Fixed | Available |  Util% |
+-----------+------+-------+-----------+--------+
| PS8       |    1 |     0 |         1 | 100.00 |
| SYSMONE4  |    0 |     0 |         1 |   0.00 |
+-----------+------+-------+-----------+--------+


8. CONFIGURATION
----------------

+-------------+------+-------+-----------+-------+
|  Site Type  | Used | Fixed | Available | Util% |
+-------------+------+-------+-----------+-------+
| BSCANE2     |    0 |     0 |         4 |  0.00 |
| DNA_PORTE2  |    0 |     0 |         1 |  0.00 |
| EFUSE_USR   |    0 |     0 |         1 |  0.00 |
| FRAME_ECCE4 |    0 |     0 |         1 |  0.00 |
| ICAPE3      |    0 |     0 |         2 |  0.00 |
| MASTER_JTAG |    0 |     0 |         1 |  0.00 |
| STARTUPE3   |    0 |     0 |         1 |  0.00 |
+-------------+------+-------+-----------+-------+


9. Primitives
-------------

+----------+-------+---------------------+
| Ref Name |  Used | Functional Category |
+----------+-------+---------------------+
| FDRE     | 10053 |            Register |
| LUT3     |  2584 |                 CLB |
| LUT6     |  1872 |                 CLB |
| RAMD32   |  1488 |                 CLB |
| LUT5     |  1263 |                 CLB |
| LUT4     |  1104 |                 CLB |
| LUT2     |   960 |                 CLB |
| RAMS32   |   404 |                 CLB |
| FDSE     |   319 |            Register |
| SRL16E   |   304 |                 CLB |
| LUT1     |   253 |                 CLB |
| CARRY8   |    73 |                 CLB |
| FDCE     |    69 |            Register |
| SRLC32E  |    33 |                 CLB |
| FDPE     |    33 |            Register |
| MUXF7    |    15 |                 CLB |
| DSP48E2  |    14 |          Arithmetic |
| RAMB18E2 |     4 |           Block Ram |
| RAMB36E2 |     2 |           Block Ram |
| PS8      |     1 |            Advanced |
| MUXF8    |     1 |                 CLB |
| BUFG_PS  |     1 |               Clock |
+----------+-------+---------------------+


10. Black Boxes
---------------

+----------+------+
| Ref Name | Used |
+----------+------+


11. Instantiated Netlists
-------------------------

+------------------------------+------+
|           Ref Name           | Used |
+------------------------------+------+
| design_1_zynq_ultra_ps_e_0_0 |    1 |
| design_1_rst_ps8_0_100M_0    |    1 |
| design_1_axi_smc_0           |    1 |
| design_1_axi_dma_0_0         |    1 |
| design_1_auto_pc_0           |    1 |
| design_1_auto_ds_0           |    1 |
| design_1_Conv_1_0            |    1 |
+------------------------------+------+


