Copyright 1986-2019 Xilinx, Inc. All Rights Reserved.
----------------------------------------------------------------------------------------------------------------------------------------------------------------------
| Tool Version     : Vivado v.2018.3.1 (lin64) Build 2489853 Tue Mar 26 04:18:30 MDT 2019
| Date             : Wed Dec  6 17:03:00 2023
| Host             : u6vBxQ2N-vbox.pd.inf.tu-dresden.de running 64-bit Ubuntu 20.04.6 LTS
| Command          : report_power -file design_1_wrapper_power_routed.rpt -pb design_1_wrapper_power_summary_routed.pb -rpx design_1_wrapper_power_routed.rpx
| Design           : design_1_wrapper
| Device           : xczu3eg-sbva484-1-i
| Design State     : routed
| Grade            : industrial
| Process          : typical
| Characterization : Production
----------------------------------------------------------------------------------------------------------------------------------------------------------------------

Power Report

Table of Contents
-----------------
1. Summary
1.1 On-Chip Components
1.2 Power Supply Summary
1.3 Confidence Level
2. Settings
2.1 Environment
2.2 Clock Constraints
3. Detailed Reports
3.1 By Hierarchy

1. Summary
----------

+--------------------------+--------------+
| Total On-Chip Power (W)  | 2.208        |
| Design Power Budget (W)  | Unspecified* |
| Power Budget Margin (W)  | NA           |
| Dynamic (W)              | 1.892        |
| Device Static (W)        | 0.317        |
| Effective TJA (C/W)      | 2.7          |
| Max Ambient (C)          | 94.0         |
| Junction Temperature (C) | 31.0         |
| Confidence Level         | Medium       |
| Setting File             | ---          |
| Simulation Activity File | ---          |
| Design Nets Matched      | NA           |
+--------------------------+--------------+
* Specify Design Power Budget using, set_operating_conditions -design_power_budget <value in Watts>


1.1 On-Chip Components
----------------------

+--------------------------+-----------+----------+-----------+-----------------+
| On-Chip                  | Power (W) | Used     | Available | Utilization (%) |
+--------------------------+-----------+----------+-----------+-----------------+
| Clocks                   |     0.027 |        3 |       --- |             --- |
| CLB Logic                |     0.053 |    27494 |       --- |             --- |
|   LUT as Distributed RAM |     0.027 |      980 |     28800 |            3.40 |
|   LUT as Logic           |     0.023 |     7985 |     70560 |           11.32 |
|   Register               |     0.002 |    13761 |    141120 |            9.75 |
|   LUT as Shift Register  |    <0.001 |      429 |     28800 |            1.49 |
|   CARRY8                 |    <0.001 |      113 |      8820 |            1.28 |
|   Others                 |     0.000 |      971 |       --- |             --- |
|   F7/F8 Muxes            |     0.000 |       29 |     70560 |            0.04 |
| Signals                  |     0.040 |    21218 |       --- |             --- |
| Block RAM                |     0.004 |        5 |       216 |            2.31 |
| DSPs                     |     0.012 |       28 |       360 |            7.78 |
| PS8                      |     1.755 |        1 |       --- |             --- |
| Static Power             |     0.317 |          |           |                 |
|   PS Static              |     0.101 |          |           |                 |
|   PL Static              |     0.216 |          |           |                 |
| Total                    |     2.208 |          |           |                 |
+--------------------------+-----------+----------+-----------+-----------------+


1.2 Power Supply Summary
------------------------

+-----------------+-------------+-----------+-------------+------------+
| Source          | Voltage (V) | Total (A) | Dynamic (A) | Static (A) |
+-----------------+-------------+-----------+-------------+------------+
| Vccint          |       0.850 |     0.215 |       0.160 |      0.055 |
| Vccint_io       |       0.850 |     0.027 |       0.000 |      0.027 |
| Vccbram         |       0.850 |     0.001 |       0.000 |      0.001 |
| Vccaux          |       1.800 |     0.048 |       0.000 |      0.048 |
| Vccaux_io       |       1.800 |     0.025 |       0.000 |      0.025 |
| Vcco33          |       3.300 |     0.000 |       0.000 |      0.000 |
| Vcco25          |       2.500 |     0.000 |       0.000 |      0.000 |
| Vcco18          |       1.800 |     0.000 |       0.000 |      0.000 |
| Vcco15          |       1.500 |     0.000 |       0.000 |      0.000 |
| Vcco135         |       1.350 |     0.000 |       0.000 |      0.000 |
| Vcco12          |       1.200 |     0.000 |       0.000 |      0.000 |
| Vcco10          |       1.000 |     0.000 |       0.000 |      0.000 |
| Vccadc          |       1.800 |     0.008 |       0.000 |      0.008 |
| VCC_PSINTFP     |       0.850 |     0.974 |       0.937 |      0.037 |
| VCC_PSINTLP     |       0.850 |     0.316 |       0.309 |      0.008 |
| VPS_MGTRAVCC    |       0.850 |     0.135 |       0.134 |      0.001 |
| VCC_PSINTFP_DDR |       0.850 |     0.195 |       0.190 |      0.005 |
| VCC_PSPLL       |       1.200 |     0.070 |       0.068 |      0.002 |
| VPS_MGTRAVTT    |       1.800 |     0.034 |       0.033 |      0.001 |
| VCCO_PSDDR_504  |       1.200 |     0.249 |       0.215 |      0.034 |
| VCC_PSAUX       |       1.800 |     0.002 |       0.000 |      0.002 |
| VCC_PSBATT      |       1.200 |     0.000 |       0.000 |      0.000 |
| VCC_PSDDR_PLL   |       1.800 |     0.012 |       0.011 |      0.001 |
| VCCO_PSIO0_500  |       1.800 |     0.001 |       0.001 |      0.001 |
| VCCO_PSIO1_501  |       1.800 |     0.001 |       0.000 |      0.001 |
| VCCO_PSIO2_502  |       1.800 |     0.001 |       0.000 |      0.001 |
| VCCO_PSIO3_503  |       1.800 |     0.001 |       0.000 |      0.001 |
| VCC_PSADC       |       1.800 |     0.002 |       0.000 |      0.002 |
+-----------------+-------------+-----------+-------------+------------+


1.3 Confidence Level
--------------------

+-----------------------------+------------+------------------------------------------------+------------------------------------------------------------------------------------------------------------+
| User Input Data             | Confidence | Details                                        | Action                                                                                                     |
+-----------------------------+------------+------------------------------------------------+------------------------------------------------------------------------------------------------------------+
| Design implementation state | High       | Design is routed                               |                                                                                                            |
| Clock nodes activity        | High       | User specified more than 95% of clocks         |                                                                                                            |
| I/O nodes activity          | High       | User specified more than 95% of inputs         |                                                                                                            |
| Internal nodes activity     | Medium     | User specified less than 25% of internal nodes | Provide missing internal nodes activity with simulation results or by editing the "By Resource Type" views |
| Device models               | High       | Device models are Production                   |                                                                                                            |
|                             |            |                                                |                                                                                                            |
| Overall confidence level    | Medium     |                                                |                                                                                                            |
+-----------------------------+------------+------------------------------------------------+------------------------------------------------------------------------------------------------------------+


2. Settings
-----------

2.1 Environment
---------------

+-----------------------+--------------------------+
| Ambient Temp (C)      | 25.0                     |
| ThetaJA (C/W)         | 2.7                      |
| Airflow (LFM)         | 250                      |
| Heat Sink             | medium (Medium Profile)  |
| ThetaSA (C/W)         | 8.8                      |
| Board Selection       | medium (10"x10")         |
| # of Board Layers     | 12to15 (12 to 15 Layers) |
| Board Temperature (C) | 25.0                     |
+-----------------------+--------------------------+


2.2 Clock Constraints
---------------------

+----------+--------------------------------------------------------+-----------------+
| Clock    | Domain                                                 | Constraint (ns) |
+----------+--------------------------------------------------------+-----------------+
| clk_pl_0 | design_1_i/zynq_ultra_ps_e_0/inst/pl_clk_unbuffered[0] |            10.0 |
+----------+--------------------------------------------------------+-----------------+


3. Detailed Reports
-------------------

3.1 By Hierarchy
----------------

+-----------------------+-----------+
| Name                  | Power (W) |
+-----------------------+-----------+
| design_1_wrapper      |     1.892 |
|   design_1_i          |     1.892 |
|     Conv_1            |     0.066 |
|       inst            |     0.066 |
|     axi_dma_0         |     0.009 |
|       U0              |     0.009 |
|     axi_smc           |     0.054 |
|       inst            |     0.054 |
|     ps8_0_axi_periph  |     0.006 |
|       s00_couplers    |     0.006 |
|     zynq_ultra_ps_e_0 |     1.756 |
|       inst            |     1.756 |
+-----------------------+-----------+


